<?xml version="1.0" encoding="UTF-8" ?>
<testsuite tests="11" failures="3" name="TestSuite" time="315.102" errors="0" skipped="2">
  <properties>
[...]
</properties>
  <testcase classname="com.qa.tests.CompanyAndProfileDetailsPageTest" name="verifyCompanyAndProfileDetailsEnteredTest" time="0.158">
    <failure message="Unexpected modal dialog (text: Errors were encountered: 

This username is already in use by another user. Please select a different username.
): Errors were encountered: 

This username is already in use by another user. Please select a different username.

Build info: version: &apos;2.53.1&apos;, revision: &apos;a36b8b1cd5757287168e54b817830adce9b0158d&apos;, time: &apos;2016-06-30 19:26:09&apos;
System info: host: &apos;DESKTOP-MUE1MC5&apos;, ip: &apos;192.168.0.7&apos;, os.name: &apos;Windows 10&apos;, os.arch: &apos;amd64&apos;, os.version: &apos;10.0&apos;, java.version: &apos;1.8.0_101&apos;
Driver info: org.openqa.selenium.firefox.FirefoxDriver
Capabilities [{applicationCacheEnabled=true, rotatable=false, handlesAlerts=true, databaseEnabled=true, version=47.0.2, platform=WINDOWS, nativeEvents=false, acceptSslCerts=true, webStorageEnabled=true, locationContextEnabled=true, browserName=firefox, takesScreenshot=true, javascriptEnabled=true, cssSelectorsEnabled=true}]
Session ID: 5e3bc184-7a33-4897-be3c-42f3725c7fda
*** Element info: {Using=xpath, value=//input[@name=&apos;company_name&apos;]}" type="org.openqa.selenium.UnhandledAlertException">org.openqa.selenium.UnhandledAlertException: Unexpected modal dialog (text: Errors were encountered: 
This username is already in use by another user. Please select a different username.
): Errors were encountered: 
This username is already in use by another user. Please select a different username.
Build info: version: &apos;2.53.1&apos;, revision: &apos;a36b8b1cd5757287168e54b817830adce9b0158d&apos;, time: &apos;2016-06-30 19:26:09&apos;
System info: host: &apos;DESKTOP-MUE1MC5&apos;, ip: &apos;192.168.0.7&apos;, os.name: &apos;Windows 10&apos;, os.arch: &apos;amd64&apos;, os.version: &apos;10.0&apos;, java.version: &apos;1.8.0_101&apos;
Driver info: org.openqa.selenium.firefox.FirefoxDriver
Capabilities [{applicationCacheEnabled=true, rotatable=false, handlesAlerts=true, databaseEnabled=true, version=47.0.2, platform=WINDOWS, nativeEvents=false, acceptSslCerts=true, webStorageEnabled=true, locationContextEnabled=true, browserName=firefox, takesScreenshot=true, javascriptEnabled=true, cssSelectorsEnabled=true}]
Session ID: 5e3bc184-7a33-4897-be3c-42f3725c7fda
*** Element info: {Using=xpath, value=//input[@name=&apos;company_name&apos;]}
	at sun.reflect.NativeConstructorAccessorImpl.newInstance0(Native Method)
	at sun.reflect.NativeConstructorAccessorImpl.newInstance(NativeConstructorAccessorImpl.java:62)
	at sun.reflect.DelegatingConstructorAccessorImpl.newInstance(DelegatingConstructorAccessorImpl.java:45)
	at java.lang.reflect.Constructor.newInstance(Constructor.java:423)
	at org.openqa.selenium.remote.ErrorHandler.createThrowable(ErrorHandler.java:206)
	at org.openqa.selenium.remote.ErrorHandler.createUnhandledAlertException(ErrorHandler.java:187)
	at org.openqa.selenium.remote.ErrorHandler.throwIfResponseFailed(ErrorHandler.java:154)
	at org.openqa.selenium.remote.RemoteWebDriver.execute(RemoteWebDriver.java:678)
	at org.openqa.selenium.remote.RemoteWebDriver.findElement(RemoteWebDriver.java:363)
	at org.openqa.selenium.remote.RemoteWebDriver.findElementByXPath(RemoteWebDriver.java:500)
	at org.openqa.selenium.By$ByXPath.findElement(By.java:361)
	at org.openqa.selenium.remote.RemoteWebDriver.findElement(RemoteWebDriver.java:355)
	at org.openqa.selenium.support.pagefactory.DefaultElementLocator.findElement(DefaultElementLocator.java:69)
	at org.openqa.selenium.support.pagefactory.internal.LocatingElementHandler.invoke(LocatingElementHandler.java:38)
	at com.sun.proxy.$Proxy5.sendKeys(Unknown Source)
	at com.qa.pages.CompanyAndProfileDetailsPage.verifyProfileDataSubmit(CompanyAndProfileDetailsPage.java:48)
	at com.qa.tests.CompanyAndProfileDetailsPageTest.verifyCompanyAndProfileDetailsEnteredTest(CompanyAndProfileDetailsPageTest.java:34)
</failure>
    <system-out>Configuring TestNG with: org.apache.maven.surefire.testng.conf.TestNG652Configurator@12bb4df8
08-01-2019 22:40:02 RequestAddCookies.java DEBUG [Forwarding newSession on session null to remote] protocol.RequestAddCookies 122 - CookieSpec selected: default
08-01-2019 22:40:02 RequestAuthCache.java DEBUG [Forwarding newSession on session null to remote] protocol.RequestAuthCache 76 - Auth cache not set in the context
08-01-2019 22:40:02 PoolingHttpClientConnectionManager.java DEBUG [Forwarding newSession on session null to remote] conn.PoolingHttpClientConnectionManager 249 - Connection request: [route: {}-&gt;http://127.0.0.1:7055][total kept alive: 0; route allocated: 0 of 2000; total allocated: 0 of 2000]
08-01-2019 22:40:02 PoolingHttpClientConnectionManager.java DEBUG [Forwarding newSession on session null to remote] conn.PoolingHttpClientConnectionManager 282 - Connection leased: [id: 0][route: {}-&gt;http://127.0.0.1:7055][total kept alive: 0; route allocated: 1 of 2000; total allocated: 1 of 2000]
08-01-2019 22:40:02 MainClientExec.java DEBUG [Forwarding newSession on session null to remote] execchain.MainClientExec 234 - Opening connection {}-&gt;http://127.0.0.1:7055
08-01-2019 22:40:02 DefaultHttpClientConnectionOperator.java DEBUG [Forwarding newSession on session null to remote] conn.DefaultHttpClientConnectionOperator 131 - Connecting to /127.0.0.1:7055
08-01-2019 22:40:02 DefaultHttpClientConnectionOperator.java DEBUG [Forwarding newSession on session null to remote] conn.DefaultHttpClientConnectionOperator 138 - Connection established 127.0.0.1:56663&lt;-&gt;127.0.0.1:7055
08-01-2019 22:40:02 LoggingManagedHttpClientConnection.java DEBUG [Forwarding newSession on session null to remote] conn.DefaultManagedHttpClientConnection 90 - http-outgoing-0: set socket timeout to 10800000
08-01-2019 22:40:02 MainClientExec.java DEBUG [Forwarding newSession on session null to remote] execchain.MainClientExec 255 - Executing request POST /hub/session HTTP/1.1
08-01-2019 22:40:02 MainClientExec.java DEBUG [Forwarding newSession on session null to remote] execchain.MainClientExec 260 - Target auth state: UNCHALLENGED
08-01-2019 22:40:02 MainClientExec.java DEBUG [Forwarding newSession on session null to remote] execchain.MainClientExec 266 - Proxy auth state: UNCHALLENGED
08-01-2019 22:40:02 LoggingManagedHttpClientConnection.java DEBUG [Forwarding newSession on session null to remote] http.headers 135 - http-outgoing-0 &gt;&gt; POST /hub/session HTTP/1.1
08-01-2019 22:40:02 LoggingManagedHttpClientConnection.java DEBUG [Forwarding newSession on session null to remote] http.headers 138 - http-outgoing-0 &gt;&gt; Content-Type: application/json; charset=utf-8
08-01-2019 22:40:02 LoggingManagedHttpClientConnection.java DEBUG [Forwarding newSession on session null to remote] http.headers 138 - http-outgoing-0 &gt;&gt; Content-Length: 105
08-01-2019 22:40:02 LoggingManagedHttpClientConnection.java DEBUG [Forwarding newSession on session null to remote] http.headers 138 - http-outgoing-0 &gt;&gt; Host: 127.0.0.1:7055
08-01-2019 22:40:02 LoggingManagedHttpClientConnection.java DEBUG [Forwarding newSession on session null to remote] http.headers 138 - http-outgoing-0 &gt;&gt; Connection: Keep-Alive
08-01-2019 22:40:02 LoggingManagedHttpClientConnection.java DEBUG [Forwarding newSession on session null to remote] http.headers 138 - http-outgoing-0 &gt;&gt; User-Agent: Apache-HttpClient/4.5.1 (Java/1.8.0_101)
08-01-2019 22:40:02 LoggingManagedHttpClientConnection.java DEBUG [Forwarding newSession on session null to remote] http.headers 138 - http-outgoing-0 &gt;&gt; Accept-Encoding: gzip,deflate
08-01-2019 22:40:02 Wire.java DEBUG [Forwarding newSession on session null to remote] http.wire 72 - http-outgoing-0 &gt;&gt; &quot;POST /hub/session HTTP/1.1[\r][\n]&quot;
08-01-2019 22:40:02 Wire.java DEBUG [Forwarding newSession on session null to remote] http.wire 72 - http-outgoing-0 &gt;&gt; &quot;Content-Type: application/json; charset=utf-8[\r][\n]&quot;
08-01-2019 22:40:02 Wire.java DEBUG [Forwarding newSession on session null to remote] http.wire 72 - http-outgoing-0 &gt;&gt; &quot;Content-Length: 105[\r][\n]&quot;
08-01-2019 22:40:02 Wire.java DEBUG [Forwarding newSession on session null to remote] http.wire 72 - http-outgoing-0 &gt;&gt; &quot;Host: 127.0.0.1:7055[\r][\n]&quot;
08-01-2019 22:40:02 Wire.java DEBUG [Forwarding newSession on session null to remote] http.wire 72 - http-outgoing-0 &gt;&gt; &quot;Connection: Keep-Alive[\r][\n]&quot;
08-01-2019 22:40:02 Wire.java DEBUG [Forwarding newSession on session null to remote] http.wire 72 - http-outgoing-0 &gt;&gt; &quot;User-Agent: Apache-HttpClient/4.5.1 (Java/1.8.0_101)[\r][\n]&quot;
08-01-2019 22:40:02 Wire.java DEBUG [Forwarding newSession on session null to remote] http.wire 72 - http-outgoing-0 &gt;&gt; &quot;Accept-Encoding: gzip,deflate[\r][\n]&quot;
08-01-2019 22:40:02 Wire.java DEBUG [Forwarding newSession on session null to remote] http.wire 72 - http-outgoing-0 &gt;&gt; &quot;[\r][\n]&quot;
08-01-2019 22:40:02 Wire.java DEBUG [Forwarding newSession on session null to remote] http.wire 86 - http-outgoing-0 &gt;&gt; &quot;{&quot;desiredCapabilities&quot;:{&quot;browserName&quot;:&quot;firefox&quot;,&quot;version&quot;:&quot;&quot;,&quot;platform&quot;:&quot;ANY&quot;},&quot;requiredCapabilities&quot;:{}}&quot;
08-01-2019 22:40:02 Wire.java DEBUG [Forwarding newSession on session null to remote] http.wire 72 - http-outgoing-0 &lt;&lt; &quot;HTTP/1.1 200 OK[\r][\n]&quot;
08-01-2019 22:40:02 Wire.java DEBUG [Forwarding newSession on session null to remote] http.wire 72 - http-outgoing-0 &lt;&lt; &quot;content-type: application/json; charset=UTF-8[\r][\n]&quot;
08-01-2019 22:40:02 Wire.java DEBUG [Forwarding newSession on session null to remote] http.wire 72 - http-outgoing-0 &lt;&lt; &quot;connection: close[\r][\n]&quot;
08-01-2019 22:40:02 Wire.java DEBUG [Forwarding newSession on session null to remote] http.wire 72 - http-outgoing-0 &lt;&lt; &quot;content-length: 423[\r][\n]&quot;
08-01-2019 22:40:02 Wire.java DEBUG [Forwarding newSession on session null to remote] http.wire 72 - http-outgoing-0 &lt;&lt; &quot;server: httpd.js[\r][\n]&quot;
08-01-2019 22:40:02 Wire.java DEBUG [Forwarding newSession on session null to remote] http.wire 72 - http-outgoing-0 &lt;&lt; &quot;date: Thu, 01 Aug 2019 17:10:02 GMT[\r][\n]&quot;
08-01-2019 22:40:02 Wire.java DEBUG [Forwarding newSession on session null to remote] http.wire 72 - http-outgoing-0 &lt;&lt; &quot;[\r][\n]&quot;
08-01-2019 22:40:02 LoggingManagedHttpClientConnection.java DEBUG [Forwarding newSession on session null to remote] http.headers 124 - http-outgoing-0 &lt;&lt; HTTP/1.1 200 OK
08-01-2019 22:40:02 LoggingManagedHttpClientConnection.java DEBUG [Forwarding newSession on session null to remote] http.headers 127 - http-outgoing-0 &lt;&lt; content-type: application/json; charset=UTF-8
08-01-2019 22:40:02 LoggingManagedHttpClientConnection.java DEBUG [Forwarding newSession on session null to remote] http.headers 127 - http-outgoing-0 &lt;&lt; connection: close
08-01-2019 22:40:02 LoggingManagedHttpClientConnection.java DEBUG [Forwarding newSession on session null to remote] http.headers 127 - http-outgoing-0 &lt;&lt; content-length: 423
08-01-2019 22:40:02 LoggingManagedHttpClientConnection.java DEBUG [Forwarding newSession on session null to remote] http.headers 127 - http-outgoing-0 &lt;&lt; server: httpd.js
08-01-2019 22:40:02 LoggingManagedHttpClientConnection.java DEBUG [Forwarding newSession on session null to remote] http.headers 127 - http-outgoing-0 &lt;&lt; date: Thu, 01 Aug 2019 17:10:02 GMT
08-01-2019 22:40:02 Wire.java DEBUG [Forwarding newSession on session null to remote] http.wire 86 - http-outgoing-0 &lt;&lt; &quot;{&quot;name&quot;:&quot;newSession&quot;,&quot;sessionId&quot;:&quot;5e3bc184-7a33-4897-be3c-42f3725c7fda&quot;,&quot;status&quot;:0,&quot;value&quot;:{&quot;cssSelectorsEnabled&quot;:true,&quot;browserName&quot;:&quot;firefox&quot;,&quot;handlesAlerts&quot;:true,&quot;javascriptEnabled&quot;:true,&quot;nativeEvents&quot;:false,&quot;platform&quot;:&quot;WINDOWS&quot;,&quot;rotatable&quot;:false,&quot;takesScreenshot&quot;:true,&quot;version&quot;:&quot;47.0.2&quot;,&quot;webStorageEnabled&quot;:true,&quot;applicationCacheEnabled&quot;:true,&quot;databaseEnabled&quot;:true,&quot;locationContextEnabled&quot;:true,&quot;acceptSslCerts&quot;:true}}&quot;
08-01-2019 22:40:02 LoggingManagedHttpClientConnection.java DEBUG [Forwarding newSession on session null to remote] conn.DefaultManagedHttpClientConnection 81 - http-outgoing-0: Close connection
08-01-2019 22:40:02 ConnectionHolder.java DEBUG [Forwarding newSession on session null to remote] execchain.MainClientExec 103 - Connection discarded
08-01-2019 22:40:02 PoolingHttpClientConnectionManager.java DEBUG [Forwarding newSession on session null to remote] conn.PoolingHttpClientConnectionManager 320 - Connection released: [id: 0][route: {}-&gt;http://127.0.0.1:7055][total kept alive: 0; route allocated: 0 of 2000; total allocated: 0 of 2000]
08-01-2019 22:40:02 RequestAddCookies.java DEBUG [Forwarding maximizeWindow on session 5e3bc184-7a33-4897-be3c-42f3725c7fda to remote] protocol.RequestAddCookies 122 - CookieSpec selected: default
08-01-2019 22:40:02 RequestAuthCache.java DEBUG [Forwarding maximizeWindow on session 5e3bc184-7a33-4897-be3c-42f3725c7fda to remote] protocol.RequestAuthCache 76 - Auth cache not set in the context
08-01-2019 22:40:02 PoolingHttpClientConnectionManager.java DEBUG [Forwarding maximizeWindow on session 5e3bc184-7a33-4897-be3c-42f3725c7fda to remote] conn.PoolingHttpClientConnectionManager 249 - Connection request: [route: {}-&gt;http://127.0.0.1:7055][total kept alive: 0; route allocated: 0 of 2000; total allocated: 0 of 2000]
08-01-2019 22:40:02 PoolingHttpClientConnectionManager.java DEBUG [Forwarding maximizeWindow on session 5e3bc184-7a33-4897-be3c-42f3725c7fda to remote] conn.PoolingHttpClientConnectionManager 282 - Connection leased: [id: 1][route: {}-&gt;http://127.0.0.1:7055][total kept alive: 0; route allocated: 1 of 2000; total allocated: 1 of 2000]
08-01-2019 22:40:02 MainClientExec.java DEBUG [Forwarding maximizeWindow on session 5e3bc184-7a33-4897-be3c-42f3725c7fda to remote] execchain.MainClientExec 234 - Opening connection {}-&gt;http://127.0.0.1:7055
08-01-2019 22:40:02 DefaultHttpClientConnectionOperator.java DEBUG [Forwarding maximizeWindow on session 5e3bc184-7a33-4897-be3c-42f3725c7fda to remote] conn.DefaultHttpClientConnectionOperator 131 - Connecting to /127.0.0.1:7055
08-01-2019 22:40:02 DefaultHttpClientConnectionOperator.java DEBUG [Forwarding maximizeWindow on session 5e3bc184-7a33-4897-be3c-42f3725c7fda to remote] conn.DefaultHttpClientConnectionOperator 138 - Connection established 127.0.0.1:56664&lt;-&gt;127.0.0.1:7055
08-01-2019 22:40:02 LoggingManagedHttpClientConnection.java DEBUG [Forwarding maximizeWindow on session 5e3bc184-7a33-4897-be3c-42f3725c7fda to remote] conn.DefaultManagedHttpClientConnection 90 - http-outgoing-1: set socket timeout to 10800000
08-01-2019 22:40:02 MainClientExec.java DEBUG [Forwarding maximizeWindow on session 5e3bc184-7a33-4897-be3c-42f3725c7fda to remote] execchain.MainClientExec 255 - Executing request POST /hub/session/5e3bc184-7a33-4897-be3c-42f3725c7fda/window/current/maximize HTTP/1.1
08-01-2019 22:40:02 MainClientExec.java DEBUG [Forwarding maximizeWindow on session 5e3bc184-7a33-4897-be3c-42f3725c7fda to remote] execchain.MainClientExec 260 - Target auth state: UNCHALLENGED
08-01-2019 22:40:02 MainClientExec.java DEBUG [Forwarding maximizeWindow on session 5e3bc184-7a33-4897-be3c-42f3725c7fda to remote] execchain.MainClientExec 266 - Proxy auth state: UNCHALLENGED
08-01-2019 22:40:02 LoggingManagedHttpClientConnection.java DEBUG [Forwarding maximizeWindow on session 5e3bc184-7a33-4897-be3c-42f3725c7fda to remote] http.headers 135 - http-outgoing-1 &gt;&gt; POST /hub/session/5e3bc184-7a33-4897-be3c-42f3725c7fda/window/current/maximize HTTP/1.1
08-01-2019 22:40:02 LoggingManagedHttpClientConnection.java DEBUG [Forwarding maximizeWindow on session 5e3bc184-7a33-4897-be3c-42f3725c7fda to remote] http.headers 138 - http-outgoing-1 &gt;&gt; Content-Type: application/json; charset=utf-8
08-01-2019 22:40:02 LoggingManagedHttpClientConnection.java DEBUG [Forwarding maximizeWindow on session 5e3bc184-7a33-4897-be3c-42f3725c7fda to remote] http.headers 138 - http-outgoing-1 &gt;&gt; Content-Length: 26
08-01-2019 22:40:02 LoggingManagedHttpClientConnection.java DEBUG [Forwarding maximizeWindow on session 5e3bc184-7a33-4897-be3c-42f3725c7fda to remote] http.headers 138 - http-outgoing-1 &gt;&gt; Host: 127.0.0.1:7055
08-01-2019 22:40:02 LoggingManagedHttpClientConnection.java DEBUG [Forwarding maximizeWindow on session 5e3bc184-7a33-4897-be3c-42f3725c7fda to remote] http.headers 138 - http-outgoing-1 &gt;&gt; Connection: Keep-Alive
08-01-2019 22:40:02 LoggingManagedHttpClientConnection.java DEBUG [Forwarding maximizeWindow on session 5e3bc184-7a33-4897-be3c-42f3725c7fda to remote] http.headers 138 - http-outgoing-1 &gt;&gt; User-Agent: Apache-HttpClient/4.5.1 (Java/1.8.0_101)
08-01-2019 22:40:02 LoggingManagedHttpClientConnection.java DEBUG [Forwarding maximizeWindow on session 5e3bc184-7a33-4897-be3c-42f3725c7fda to remote] http.headers 138 - http-outgoing-1 &gt;&gt; Accept-Encoding: gzip,deflate
08-01-2019 22:40:02 Wire.java DEBUG [Forwarding maximizeWindow on session 5e3bc184-7a33-4897-be3c-42f3725c7fda to remote] http.wire 72 - http-outgoing-1 &gt;&gt; &quot;POST /hub/session/5e3bc184-7a33-4897-be3c-42f3725c7fda/window/current/maximize HTTP/1.1[\r][\n]&quot;
08-01-2019 22:40:02 Wire.java DEBUG [Forwarding maximizeWindow on session 5e3bc184-7a33-4897-be3c-42f3725c7fda to remote] http.wire 72 - http-outgoing-1 &gt;&gt; &quot;Content-Type: application/json; charset=utf-8[\r][\n]&quot;
08-01-2019 22:40:02 Wire.java DEBUG [Forwarding maximizeWindow on session 5e3bc184-7a33-4897-be3c-42f3725c7fda to remote] http.wire 72 - http-outgoing-1 &gt;&gt; &quot;Content-Length: 26[\r][\n]&quot;
08-01-2019 22:40:02 Wire.java DEBUG [Forwarding maximizeWindow on session 5e3bc184-7a33-4897-be3c-42f3725c7fda to remote] http.wire 72 - http-outgoing-1 &gt;&gt; &quot;Host: 127.0.0.1:7055[\r][\n]&quot;
08-01-2019 22:40:02 Wire.java DEBUG [Forwarding maximizeWindow on session 5e3bc184-7a33-4897-be3c-42f3725c7fda to remote] http.wire 72 - http-outgoing-1 &gt;&gt; &quot;Connection: Keep-Alive[\r][\n]&quot;
08-01-2019 22:40:02 Wire.java DEBUG [Forwarding maximizeWindow on session 5e3bc184-7a33-4897-be3c-42f3725c7fda to remote] http.wire 72 - http-outgoing-1 &gt;&gt; &quot;User-Agent: Apache-HttpClient/4.5.1 (Java/1.8.0_101)[\r][\n]&quot;
08-01-2019 22:40:02 Wire.java DEBUG [Forwarding maximizeWindow on session 5e3bc184-7a33-4897-be3c-42f3725c7fda to remote] http.wire 72 - http-outgoing-1 &gt;&gt; &quot;Accept-Encoding: gzip,deflate[\r][\n]&quot;
08-01-2019 22:40:02 Wire.java DEBUG [Forwarding maximizeWindow on session 5e3bc184-7a33-4897-be3c-42f3725c7fda to remote] http.wire 72 - http-outgoing-1 &gt;&gt; &quot;[\r][\n]&quot;
08-01-2019 22:40:02 Wire.java DEBUG [Forwarding maximizeWindow on session 5e3bc184-7a33-4897-be3c-42f3725c7fda to remote] http.wire 86 - http-outgoing-1 &gt;&gt; &quot;{&quot;windowHandle&quot;:&quot;current&quot;}&quot;
08-01-2019 22:40:02 Wire.java DEBUG [Forwarding maximizeWindow on session 5e3bc184-7a33-4897-be3c-42f3725c7fda to remote] http.wire 72 - http-outgoing-1 &lt;&lt; &quot;HTTP/1.1 200 OK[\r][\n]&quot;
08-01-2019 22:40:02 Wire.java DEBUG [Forwarding maximizeWindow on session 5e3bc184-7a33-4897-be3c-42f3725c7fda to remote] http.wire 72 - http-outgoing-1 &lt;&lt; &quot;content-type: application/json; charset=UTF-8[\r][\n]&quot;
08-01-2019 22:40:02 Wire.java DEBUG [Forwarding maximizeWindow on session 5e3bc184-7a33-4897-be3c-42f3725c7fda to remote] http.wire 72 - http-outgoing-1 &lt;&lt; &quot;connection: close[\r][\n]&quot;
08-01-2019 22:40:02 Wire.java DEBUG [Forwarding maximizeWindow on session 5e3bc184-7a33-4897-be3c-42f3725c7fda to remote] http.wire 72 - http-outgoing-1 &lt;&lt; &quot;content-length: 98[\r][\n]&quot;
08-01-2019 22:40:02 Wire.java DEBUG [Forwarding maximizeWindow on session 5e3bc184-7a33-4897-be3c-42f3725c7fda to remote] http.wire 72 - http-outgoing-1 &lt;&lt; &quot;server: httpd.js[\r][\n]&quot;
08-01-2019 22:40:02 Wire.java DEBUG [Forwarding maximizeWindow on session 5e3bc184-7a33-4897-be3c-42f3725c7fda to remote] http.wire 72 - http-outgoing-1 &lt;&lt; &quot;date: Thu, 01 Aug 2019 17:10:02 GMT[\r][\n]&quot;
08-01-2019 22:40:02 Wire.java DEBUG [Forwarding maximizeWindow on session 5e3bc184-7a33-4897-be3c-42f3725c7fda to remote] http.wire 72 - http-outgoing-1 &lt;&lt; &quot;[\r][\n]&quot;
08-01-2019 22:40:02 LoggingManagedHttpClientConnection.java DEBUG [Forwarding maximizeWindow on session 5e3bc184-7a33-4897-be3c-42f3725c7fda to remote] http.headers 124 - http-outgoing-1 &lt;&lt; HTTP/1.1 200 OK
08-01-2019 22:40:02 LoggingManagedHttpClientConnection.java DEBUG [Forwarding maximizeWindow on session 5e3bc184-7a33-4897-be3c-42f3725c7fda to remote] http.headers 127 - http-outgoing-1 &lt;&lt; content-type: application/json; charset=UTF-8
08-01-2019 22:40:02 LoggingManagedHttpClientConnection.java DEBUG [Forwarding maximizeWindow on session 5e3bc184-7a33-4897-be3c-42f3725c7fda to remote] http.headers 127 - http-outgoing-1 &lt;&lt; connection: close
08-01-2019 22:40:02 LoggingManagedHttpClientConnection.java DEBUG [Forwarding maximizeWindow on session 5e3bc184-7a33-4897-be3c-42f3725c7fda to remote] http.headers 127 - http-outgoing-1 &lt;&lt; content-length: 98
08-01-2019 22:40:02 LoggingManagedHttpClientConnection.java DEBUG [Forwarding maximizeWindow on session 5e3bc184-7a33-4897-be3c-42f3725c7fda to remote] http.headers 127 - http-outgoing-1 &lt;&lt; server: httpd.js
08-01-2019 22:40:02 LoggingManagedHttpClientConnection.java DEBUG [Forwarding maximizeWindow on session 5e3bc184-7a33-4897-be3c-42f3725c7fda to remote] http.headers 127 - http-outgoing-1 &lt;&lt; date: Thu, 01 Aug 2019 17:10:02 GMT
08-01-2019 22:40:02 Wire.java DEBUG [Forwarding maximizeWindow on session 5e3bc184-7a33-4897-be3c-42f3725c7fda to remote] http.wire 86 - http-outgoing-1 &lt;&lt; &quot;{&quot;name&quot;:&quot;maximizeWindow&quot;,&quot;sessionId&quot;:&quot;5e3bc184-7a33-4897-be3c-42f3725c7fda&quot;,&quot;status&quot;:0,&quot;value&quot;:&quot;&quot;}&quot;
08-01-2019 22:40:02 LoggingManagedHttpClientConnection.java DEBUG [Forwarding maximizeWindow on session 5e3bc184-7a33-4897-be3c-42f3725c7fda to remote] conn.DefaultManagedHttpClientConnection 81 - http-outgoing-1: Close connection
08-01-2019 22:40:02 ConnectionHolder.java DEBUG [Forwarding maximizeWindow on session 5e3bc184-7a33-4897-be3c-42f3725c7fda to remote] execchain.MainClientExec 103 - Connection discarded
08-01-2019 22:40:02 PoolingHttpClientConnectionManager.java DEBUG [Forwarding maximizeWindow on session 5e3bc184-7a33-4897-be3c-42f3725c7fda to remote] conn.PoolingHttpClientConnectionManager 320 - Connection released: [id: 1][route: {}-&gt;http://127.0.0.1:7055][total kept alive: 0; route allocated: 0 of 2000; total allocated: 0 of 2000]
08-01-2019 22:40:02 RequestAddCookies.java DEBUG [Forwarding setTimeout on session 5e3bc184-7a33-4897-be3c-42f3725c7fda to remote] protocol.RequestAddCookies 122 - CookieSpec selected: default
08-01-2019 22:40:02 RequestAuthCache.java DEBUG [Forwarding setTimeout on session 5e3bc184-7a33-4897-be3c-42f3725c7fda to remote] protocol.RequestAuthCache 76 - Auth cache not set in the context
08-01-2019 22:40:02 PoolingHttpClientConnectionManager.java DEBUG [Forwarding setTimeout on session 5e3bc184-7a33-4897-be3c-42f3725c7fda to remote] conn.PoolingHttpClientConnectionManager 249 - Connection request: [route: {}-&gt;http://127.0.0.1:7055][total kept alive: 0; route allocated: 0 of 2000; total allocated: 0 of 2000]
08-01-2019 22:40:02 PoolingHttpClientConnectionManager.java DEBUG [Forwarding setTimeout on session 5e3bc184-7a33-4897-be3c-42f3725c7fda to remote] conn.PoolingHttpClientConnectionManager 282 - Connection leased: [id: 2][route: {}-&gt;http://127.0.0.1:7055][total kept alive: 0; route allocated: 1 of 2000; total allocated: 1 of 2000]
08-01-2019 22:40:02 MainClientExec.java DEBUG [Forwarding setTimeout on session 5e3bc184-7a33-4897-be3c-42f3725c7fda to remote] execchain.MainClientExec 234 - Opening connection {}-&gt;http://127.0.0.1:7055
08-01-2019 22:40:02 DefaultHttpClientConnectionOperator.java DEBUG [Forwarding setTimeout on session 5e3bc184-7a33-4897-be3c-42f3725c7fda to remote] conn.DefaultHttpClientConnectionOperator 131 - Connecting to /127.0.0.1:7055
08-01-2019 22:40:02 DefaultHttpClientConnectionOperator.java DEBUG [Forwarding setTimeout on session 5e3bc184-7a33-4897-be3c-42f3725c7fda to remote] conn.DefaultHttpClientConnectionOperator 138 - Connection established 127.0.0.1:56665&lt;-&gt;127.0.0.1:7055
08-01-2019 22:40:02 LoggingManagedHttpClientConnection.java DEBUG [Forwarding setTimeout on session 5e3bc184-7a33-4897-be3c-42f3725c7fda to remote] conn.DefaultManagedHttpClientConnection 90 - http-outgoing-2: set socket timeout to 10800000
08-01-2019 22:40:02 MainClientExec.java DEBUG [Forwarding setTimeout on session 5e3bc184-7a33-4897-be3c-42f3725c7fda to remote] execchain.MainClientExec 255 - Executing request POST /hub/session/5e3bc184-7a33-4897-be3c-42f3725c7fda/timeouts HTTP/1.1
08-01-2019 22:40:02 MainClientExec.java DEBUG [Forwarding setTimeout on session 5e3bc184-7a33-4897-be3c-42f3725c7fda to remote] execchain.MainClientExec 260 - Target auth state: UNCHALLENGED
08-01-2019 22:40:02 MainClientExec.java DEBUG [Forwarding setTimeout on session 5e3bc184-7a33-4897-be3c-42f3725c7fda to remote] execchain.MainClientExec 266 - Proxy auth state: UNCHALLENGED
08-01-2019 22:40:02 LoggingManagedHttpClientConnection.java DEBUG [Forwarding setTimeout on session 5e3bc184-7a33-4897-be3c-42f3725c7fda to remote] http.headers 135 - http-outgoing-2 &gt;&gt; POST /hub/session/5e3bc184-7a33-4897-be3c-42f3725c7fda/timeouts HTTP/1.1
08-01-2019 22:40:02 LoggingManagedHttpClientConnection.java DEBUG [Forwarding setTimeout on session 5e3bc184-7a33-4897-be3c-42f3725c7fda to remote] http.headers 138 - http-outgoing-2 &gt;&gt; Content-Type: application/json; charset=utf-8
08-01-2019 22:40:02 LoggingManagedHttpClientConnection.java DEBUG [Forwarding setTimeout on session 5e3bc184-7a33-4897-be3c-42f3725c7fda to remote] http.headers 138 - http-outgoing-2 &gt;&gt; Content-Length: 31
08-01-2019 22:40:02 LoggingManagedHttpClientConnection.java DEBUG [Forwarding setTimeout on session 5e3bc184-7a33-4897-be3c-42f3725c7fda to remote] http.headers 138 - http-outgoing-2 &gt;&gt; Host: 127.0.0.1:7055
08-01-2019 22:40:02 LoggingManagedHttpClientConnection.java DEBUG [Forwarding setTimeout on session 5e3bc184-7a33-4897-be3c-42f3725c7fda to remote] http.headers 138 - http-outgoing-2 &gt;&gt; Connection: Keep-Alive
08-01-2019 22:40:02 LoggingManagedHttpClientConnection.java DEBUG [Forwarding setTimeout on session 5e3bc184-7a33-4897-be3c-42f3725c7fda to remote] http.headers 138 - http-outgoing-2 &gt;&gt; User-Agent: Apache-HttpClient/4.5.1 (Java/1.8.0_101)
08-01-2019 22:40:02 LoggingManagedHttpClientConnection.java DEBUG [Forwarding setTimeout on session 5e3bc184-7a33-4897-be3c-42f3725c7fda to remote] http.headers 138 - http-outgoing-2 &gt;&gt; Accept-Encoding: gzip,deflate
08-01-2019 22:40:02 Wire.java DEBUG [Forwarding setTimeout on session 5e3bc184-7a33-4897-be3c-42f3725c7fda to remote] http.wire 72 - http-outgoing-2 &gt;&gt; &quot;POST /hub/session/5e3bc184-7a33-4897-be3c-42f3725c7fda/timeouts HTTP/1.1[\r][\n]&quot;
08-01-2019 22:40:02 Wire.java DEBUG [Forwarding setTimeout on session 5e3bc184-7a33-4897-be3c-42f3725c7fda to remote] http.wire 72 - http-outgoing-2 &gt;&gt; &quot;Content-Type: application/json; charset=utf-8[\r][\n]&quot;
08-01-2019 22:40:02 Wire.java DEBUG [Forwarding setTimeout on session 5e3bc184-7a33-4897-be3c-42f3725c7fda to remote] http.wire 72 - http-outgoing-2 &gt;&gt; &quot;Content-Length: 31[\r][\n]&quot;
08-01-2019 22:40:02 Wire.java DEBUG [Forwarding setTimeout on session 5e3bc184-7a33-4897-be3c-42f3725c7fda to remote] http.wire 72 - http-outgoing-2 &gt;&gt; &quot;Host: 127.0.0.1:7055[\r][\n]&quot;
08-01-2019 22:40:02 Wire.java DEBUG [Forwarding setTimeout on session 5e3bc184-7a33-4897-be3c-42f3725c7fda to remote] http.wire 72 - http-outgoing-2 &gt;&gt; &quot;Connection: Keep-Alive[\r][\n]&quot;
08-01-2019 22:40:02 Wire.java DEBUG [Forwarding setTimeout on session 5e3bc184-7a33-4897-be3c-42f3725c7fda to remote] http.wire 72 - http-outgoing-2 &gt;&gt; &quot;User-Agent: Apache-HttpClient/4.5.1 (Java/1.8.0_101)[\r][\n]&quot;
08-01-2019 22:40:02 Wire.java DEBUG [Forwarding setTimeout on session 5e3bc184-7a33-4897-be3c-42f3725c7fda to remote] http.wire 72 - http-outgoing-2 &gt;&gt; &quot;Accept-Encoding: gzip,deflate[\r][\n]&quot;
08-01-2019 22:40:02 Wire.java DEBUG [Forwarding setTimeout on session 5e3bc184-7a33-4897-be3c-42f3725c7fda to remote] http.wire 72 - http-outgoing-2 &gt;&gt; &quot;[\r][\n]&quot;
08-01-2019 22:40:02 Wire.java DEBUG [Forwarding setTimeout on session 5e3bc184-7a33-4897-be3c-42f3725c7fda to remote] http.wire 86 - http-outgoing-2 &gt;&gt; &quot;{&quot;type&quot;:&quot;page load&quot;,&quot;ms&quot;:20000}&quot;
08-01-2019 22:40:02 Wire.java DEBUG [Forwarding setTimeout on session 5e3bc184-7a33-4897-be3c-42f3725c7fda to remote] http.wire 72 - http-outgoing-2 &lt;&lt; &quot;HTTP/1.1 200 OK[\r][\n]&quot;
08-01-2019 22:40:02 Wire.java DEBUG [Forwarding setTimeout on session 5e3bc184-7a33-4897-be3c-42f3725c7fda to remote] http.wire 72 - http-outgoing-2 &lt;&lt; &quot;content-type: application/json; charset=UTF-8[\r][\n]&quot;
08-01-2019 22:40:02 Wire.java DEBUG [Forwarding setTimeout on session 5e3bc184-7a33-4897-be3c-42f3725c7fda to remote] http.wire 72 - http-outgoing-2 &lt;&lt; &quot;connection: close[\r][\n]&quot;
08-01-2019 22:40:02 Wire.java DEBUG [Forwarding setTimeout on session 5e3bc184-7a33-4897-be3c-42f3725c7fda to remote] http.wire 72 - http-outgoing-2 &lt;&lt; &quot;content-length: 94[\r][\n]&quot;
08-01-2019 22:40:02 Wire.java DEBUG [Forwarding setTimeout on session 5e3bc184-7a33-4897-be3c-42f3725c7fda to remote] http.wire 72 - http-outgoing-2 &lt;&lt; &quot;server: httpd.js[\r][\n]&quot;
08-01-2019 22:40:02 Wire.java DEBUG [Forwarding setTimeout on session 5e3bc184-7a33-4897-be3c-42f3725c7fda to remote] http.wire 72 - http-outgoing-2 &lt;&lt; &quot;date: Thu, 01 Aug 2019 17:10:02 GMT[\r][\n]&quot;
08-01-2019 22:40:02 Wire.java DEBUG [Forwarding setTimeout on session 5e3bc184-7a33-4897-be3c-42f3725c7fda to remote] http.wire 72 - http-outgoing-2 &lt;&lt; &quot;[\r][\n]&quot;
08-01-2019 22:40:02 LoggingManagedHttpClientConnection.java DEBUG [Forwarding setTimeout on session 5e3bc184-7a33-4897-be3c-42f3725c7fda to remote] http.headers 124 - http-outgoing-2 &lt;&lt; HTTP/1.1 200 OK
08-01-2019 22:40:02 LoggingManagedHttpClientConnection.java DEBUG [Forwarding setTimeout on session 5e3bc184-7a33-4897-be3c-42f3725c7fda to remote] http.headers 127 - http-outgoing-2 &lt;&lt; content-type: application/json; charset=UTF-8
08-01-2019 22:40:02 LoggingManagedHttpClientConnection.java DEBUG [Forwarding setTimeout on session 5e3bc184-7a33-4897-be3c-42f3725c7fda to remote] http.headers 127 - http-outgoing-2 &lt;&lt; connection: close
08-01-2019 22:40:02 LoggingManagedHttpClientConnection.java DEBUG [Forwarding setTimeout on session 5e3bc184-7a33-4897-be3c-42f3725c7fda to remote] http.headers 127 - http-outgoing-2 &lt;&lt; content-length: 94
08-01-2019 22:40:02 LoggingManagedHttpClientConnection.java DEBUG [Forwarding setTimeout on session 5e3bc184-7a33-4897-be3c-42f3725c7fda to remote] http.headers 127 - http-outgoing-2 &lt;&lt; server: httpd.js
08-01-2019 22:40:02 LoggingManagedHttpClientConnection.java DEBUG [Forwarding setTimeout on session 5e3bc184-7a33-4897-be3c-42f3725c7fda to remote] http.headers 127 - http-outgoing-2 &lt;&lt; date: Thu, 01 Aug 2019 17:10:02 GMT
08-01-2019 22:40:02 Wire.java DEBUG [Forwarding setTimeout on session 5e3bc184-7a33-4897-be3c-42f3725c7fda to remote] http.wire 86 - http-outgoing-2 &lt;&lt; &quot;{&quot;name&quot;:&quot;setTimeout&quot;,&quot;sessionId&quot;:&quot;5e3bc184-7a33-4897-be3c-42f3725c7fda&quot;,&quot;status&quot;:0,&quot;value&quot;:&quot;&quot;}&quot;
08-01-2019 22:40:02 LoggingManagedHttpClientConnection.java DEBUG [Forwarding setTimeout on session 5e3bc184-7a33-4897-be3c-42f3725c7fda to remote] conn.DefaultManagedHttpClientConnection 81 - http-outgoing-2: Close connection
08-01-2019 22:40:02 ConnectionHolder.java DEBUG [Forwarding setTimeout on session 5e3bc184-7a33-4897-be3c-42f3725c7fda to remote] execchain.MainClientExec 103 - Connection discarded
08-01-2019 22:40:02 PoolingHttpClientConnectionManager.java DEBUG [Forwarding setTimeout on session 5e3bc184-7a33-4897-be3c-42f3725c7fda to remote] conn.PoolingHttpClientConnectionManager 320 - Connection released: [id: 2][route: {}-&gt;http://127.0.0.1:7055][total kept alive: 0; route allocated: 0 of 2000; total allocated: 0 of 2000]
08-01-2019 22:40:02 RequestAddCookies.java DEBUG [Forwarding setTimeout on session 5e3bc184-7a33-4897-be3c-42f3725c7fda to remote] protocol.RequestAddCookies 122 - CookieSpec selected: default
08-01-2019 22:40:02 RequestAuthCache.java DEBUG [Forwarding setTimeout on session 5e3bc184-7a33-4897-be3c-42f3725c7fda to remote] protocol.RequestAuthCache 76 - Auth cache not set in the context
08-01-2019 22:40:02 PoolingHttpClientConnectionManager.java DEBUG [Forwarding setTimeout on session 5e3bc184-7a33-4897-be3c-42f3725c7fda to remote] conn.PoolingHttpClientConnectionManager 249 - Connection request: [route: {}-&gt;http://127.0.0.1:7055][total kept alive: 0; route allocated: 0 of 2000; total allocated: 0 of 2000]
08-01-2019 22:40:02 PoolingHttpClientConnectionManager.java DEBUG [Forwarding setTimeout on session 5e3bc184-7a33-4897-be3c-42f3725c7fda to remote] conn.PoolingHttpClientConnectionManager 282 - Connection leased: [id: 3][route: {}-&gt;http://127.0.0.1:7055][total kept alive: 0; route allocated: 1 of 2000; total allocated: 1 of 2000]
08-01-2019 22:40:02 MainClientExec.java DEBUG [Forwarding setTimeout on session 5e3bc184-7a33-4897-be3c-42f3725c7fda to remote] execchain.MainClientExec 234 - Opening connection {}-&gt;http://127.0.0.1:7055
08-01-2019 22:40:02 DefaultHttpClientConnectionOperator.java DEBUG [Forwarding setTimeout on session 5e3bc184-7a33-4897-be3c-42f3725c7fda to remote] conn.DefaultHttpClientConnectionOperator 131 - Connecting to /127.0.0.1:7055
08-01-2019 22:40:02 DefaultHttpClientConnectionOperator.java DEBUG [Forwarding setTimeout on session 5e3bc184-7a33-4897-be3c-42f3725c7fda to remote] conn.DefaultHttpClientConnectionOperator 138 - Connection established 127.0.0.1:56666&lt;-&gt;127.0.0.1:7055
08-01-2019 22:40:02 LoggingManagedHttpClientConnection.java DEBUG [Forwarding setTimeout on session 5e3bc184-7a33-4897-be3c-42f3725c7fda to remote] conn.DefaultManagedHttpClientConnection 90 - http-outgoing-3: set socket timeout to 10800000
08-01-2019 22:40:02 MainClientExec.java DEBUG [Forwarding setTimeout on session 5e3bc184-7a33-4897-be3c-42f3725c7fda to remote] execchain.MainClientExec 255 - Executing request POST /hub/session/5e3bc184-7a33-4897-be3c-42f3725c7fda/timeouts HTTP/1.1
08-01-2019 22:40:02 MainClientExec.java DEBUG [Forwarding setTimeout on session 5e3bc184-7a33-4897-be3c-42f3725c7fda to remote] execchain.MainClientExec 260 - Target auth state: UNCHALLENGED
08-01-2019 22:40:02 MainClientExec.java DEBUG [Forwarding setTimeout on session 5e3bc184-7a33-4897-be3c-42f3725c7fda to remote] execchain.MainClientExec 266 - Proxy auth state: UNCHALLENGED
08-01-2019 22:40:02 LoggingManagedHttpClientConnection.java DEBUG [Forwarding setTimeout on session 5e3bc184-7a33-4897-be3c-42f3725c7fda to remote] http.headers 135 - http-outgoing-3 &gt;&gt; POST /hub/session/5e3bc184-7a33-4897-be3c-42f3725c7fda/timeouts HTTP/1.1
08-01-2019 22:40:02 LoggingManagedHttpClientConnection.java DEBUG [Forwarding setTimeout on session 5e3bc184-7a33-4897-be3c-42f3725c7fda to remote] http.headers 138 - http-outgoing-3 &gt;&gt; Content-Type: application/json; charset=utf-8
08-01-2019 22:40:02 LoggingManagedHttpClientConnection.java DEBUG [Forwarding setTimeout on session 5e3bc184-7a33-4897-be3c-42f3725c7fda to remote] http.headers 138 - http-outgoing-3 &gt;&gt; Content-Length: 30
08-01-2019 22:40:02 LoggingManagedHttpClientConnection.java DEBUG [Forwarding setTimeout on session 5e3bc184-7a33-4897-be3c-42f3725c7fda to remote] http.headers 138 - http-outgoing-3 &gt;&gt; Host: 127.0.0.1:7055
08-01-2019 22:40:02 LoggingManagedHttpClientConnection.java DEBUG [Forwarding setTimeout on session 5e3bc184-7a33-4897-be3c-42f3725c7fda to remote] http.headers 138 - http-outgoing-3 &gt;&gt; Connection: Keep-Alive
08-01-2019 22:40:02 LoggingManagedHttpClientConnection.java DEBUG [Forwarding setTimeout on session 5e3bc184-7a33-4897-be3c-42f3725c7fda to remote] http.headers 138 - http-outgoing-3 &gt;&gt; User-Agent: Apache-HttpClient/4.5.1 (Java/1.8.0_101)
08-01-2019 22:40:02 LoggingManagedHttpClientConnection.java DEBUG [Forwarding setTimeout on session 5e3bc184-7a33-4897-be3c-42f3725c7fda to remote] http.headers 138 - http-outgoing-3 &gt;&gt; Accept-Encoding: gzip,deflate
08-01-2019 22:40:02 Wire.java DEBUG [Forwarding setTimeout on session 5e3bc184-7a33-4897-be3c-42f3725c7fda to remote] http.wire 72 - http-outgoing-3 &gt;&gt; &quot;POST /hub/session/5e3bc184-7a33-4897-be3c-42f3725c7fda/timeouts HTTP/1.1[\r][\n]&quot;
08-01-2019 22:40:02 Wire.java DEBUG [Forwarding setTimeout on session 5e3bc184-7a33-4897-be3c-42f3725c7fda to remote] http.wire 72 - http-outgoing-3 &gt;&gt; &quot;Content-Type: application/json; charset=utf-8[\r][\n]&quot;
08-01-2019 22:40:02 Wire.java DEBUG [Forwarding setTimeout on session 5e3bc184-7a33-4897-be3c-42f3725c7fda to remote] http.wire 72 - http-outgoing-3 &gt;&gt; &quot;Content-Length: 30[\r][\n]&quot;
08-01-2019 22:40:02 Wire.java DEBUG [Forwarding setTimeout on session 5e3bc184-7a33-4897-be3c-42f3725c7fda to remote] http.wire 72 - http-outgoing-3 &gt;&gt; &quot;Host: 127.0.0.1:7055[\r][\n]&quot;
08-01-2019 22:40:02 Wire.java DEBUG [Forwarding setTimeout on session 5e3bc184-7a33-4897-be3c-42f3725c7fda to remote] http.wire 72 - http-outgoing-3 &gt;&gt; &quot;Connection: Keep-Alive[\r][\n]&quot;
08-01-2019 22:40:02 Wire.java DEBUG [Forwarding setTimeout on session 5e3bc184-7a33-4897-be3c-42f3725c7fda to remote] http.wire 72 - http-outgoing-3 &gt;&gt; &quot;User-Agent: Apache-HttpClient/4.5.1 (Java/1.8.0_101)[\r][\n]&quot;
08-01-2019 22:40:02 Wire.java DEBUG [Forwarding setTimeout on session 5e3bc184-7a33-4897-be3c-42f3725c7fda to remote] http.wire 72 - http-outgoing-3 &gt;&gt; &quot;Accept-Encoding: gzip,deflate[\r][\n]&quot;
08-01-2019 22:40:02 Wire.java DEBUG [Forwarding setTimeout on session 5e3bc184-7a33-4897-be3c-42f3725c7fda to remote] http.wire 72 - http-outgoing-3 &gt;&gt; &quot;[\r][\n]&quot;
08-01-2019 22:40:02 Wire.java DEBUG [Forwarding setTimeout on session 5e3bc184-7a33-4897-be3c-42f3725c7fda to remote] http.wire 86 - http-outgoing-3 &gt;&gt; &quot;{&quot;type&quot;:&quot;implicit&quot;,&quot;ms&quot;:20000}&quot;
08-01-2019 22:40:02 Wire.java DEBUG [Forwarding setTimeout on session 5e3bc184-7a33-4897-be3c-42f3725c7fda to remote] http.wire 72 - http-outgoing-3 &lt;&lt; &quot;HTTP/1.1 200 OK[\r][\n]&quot;
08-01-2019 22:40:02 Wire.java DEBUG [Forwarding setTimeout on session 5e3bc184-7a33-4897-be3c-42f3725c7fda to remote] http.wire 72 - http-outgoing-3 &lt;&lt; &quot;content-type: application/json; charset=UTF-8[\r][\n]&quot;
08-01-2019 22:40:02 Wire.java DEBUG [Forwarding setTimeout on session 5e3bc184-7a33-4897-be3c-42f3725c7fda to remote] http.wire 72 - http-outgoing-3 &lt;&lt; &quot;connection: close[\r][\n]&quot;
08-01-2019 22:40:02 Wire.java DEBUG [Forwarding setTimeout on session 5e3bc184-7a33-4897-be3c-42f3725c7fda to remote] http.wire 72 - http-outgoing-3 &lt;&lt; &quot;content-length: 94[\r][\n]&quot;
08-01-2019 22:40:02 Wire.java DEBUG [Forwarding setTimeout on session 5e3bc184-7a33-4897-be3c-42f3725c7fda to remote] http.wire 72 - http-outgoing-3 &lt;&lt; &quot;server: httpd.js[\r][\n]&quot;
08-01-2019 22:40:02 Wire.java DEBUG [Forwarding setTimeout on session 5e3bc184-7a33-4897-be3c-42f3725c7fda to remote] http.wire 72 - http-outgoing-3 &lt;&lt; &quot;date: Thu, 01 Aug 2019 17:10:02 GMT[\r][\n]&quot;
08-01-2019 22:40:02 Wire.java DEBUG [Forwarding setTimeout on session 5e3bc184-7a33-4897-be3c-42f3725c7fda to remote] http.wire 72 - http-outgoing-3 &lt;&lt; &quot;[\r][\n]&quot;
08-01-2019 22:40:02 LoggingManagedHttpClientConnection.java DEBUG [Forwarding setTimeout on session 5e3bc184-7a33-4897-be3c-42f3725c7fda to remote] http.headers 124 - http-outgoing-3 &lt;&lt; HTTP/1.1 200 OK
08-01-2019 22:40:02 LoggingManagedHttpClientConnection.java DEBUG [Forwarding setTimeout on session 5e3bc184-7a33-4897-be3c-42f3725c7fda to remote] http.headers 127 - http-outgoing-3 &lt;&lt; content-type: application/json; charset=UTF-8
08-01-2019 22:40:02 LoggingManagedHttpClientConnection.java DEBUG [Forwarding setTimeout on session 5e3bc184-7a33-4897-be3c-42f3725c7fda to remote] http.headers 127 - http-outgoing-3 &lt;&lt; connection: close
08-01-2019 22:40:02 LoggingManagedHttpClientConnection.java DEBUG [Forwarding setTimeout on session 5e3bc184-7a33-4897-be3c-42f3725c7fda to remote] http.headers 127 - http-outgoing-3 &lt;&lt; content-length: 94
08-01-2019 22:40:02 LoggingManagedHttpClientConnection.java DEBUG [Forwarding setTimeout on session 5e3bc184-7a33-4897-be3c-42f3725c7fda to remote] http.headers 127 - http-outgoing-3 &lt;&lt; server: httpd.js
08-01-2019 22:40:02 LoggingManagedHttpClientConnection.java DEBUG [Forwarding setTimeout on session 5e3bc184-7a33-4897-be3c-42f3725c7fda to remote] http.headers 127 - http-outgoing-3 &lt;&lt; date: Thu, 01 Aug 2019 17:10:02 GMT
08-01-2019 22:40:02 Wire.java DEBUG [Forwarding setTimeout on session 5e3bc184-7a33-4897-be3c-42f3725c7fda to remote] http.wire 86 - http-outgoing-3 &lt;&lt; &quot;{&quot;name&quot;:&quot;setTimeout&quot;,&quot;sessionId&quot;:&quot;5e3bc184-7a33-4897-be3c-42f3725c7fda&quot;,&quot;status&quot;:0,&quot;value&quot;:&quot;&quot;}&quot;
08-01-2019 22:40:02 LoggingManagedHttpClientConnection.java DEBUG [Forwarding setTimeout on session 5e3bc184-7a33-4897-be3c-42f3725c7fda to remote] conn.DefaultManagedHttpClientConnection 81 - http-outgoing-3: Close connection
08-01-2019 22:40:02 ConnectionHolder.java DEBUG [Forwarding setTimeout on session 5e3bc184-7a33-4897-be3c-42f3725c7fda to remote] execchain.MainClientExec 103 - Connection discarded
08-01-2019 22:40:02 PoolingHttpClientConnectionManager.java DEBUG [Forwarding setTimeout on session 5e3bc184-7a33-4897-be3c-42f3725c7fda to remote] conn.PoolingHttpClientConnectionManager 320 - Connection released: [id: 3][route: {}-&gt;http://127.0.0.1:7055][total kept alive: 0; route allocated: 0 of 2000; total allocated: 0 of 2000]
08-01-2019 22:40:02 RequestAddCookies.java DEBUG [Forwarding deleteAllCookies on session 5e3bc184-7a33-4897-be3c-42f3725c7fda to remote] protocol.RequestAddCookies 122 - CookieSpec selected: default
08-01-2019 22:40:02 RequestAuthCache.java DEBUG [Forwarding deleteAllCookies on session 5e3bc184-7a33-4897-be3c-42f3725c7fda to remote] protocol.RequestAuthCache 76 - Auth cache not set in the context
08-01-2019 22:40:02 PoolingHttpClientConnectionManager.java DEBUG [Forwarding deleteAllCookies on session 5e3bc184-7a33-4897-be3c-42f3725c7fda to remote] conn.PoolingHttpClientConnectionManager 249 - Connection request: [route: {}-&gt;http://127.0.0.1:7055][total kept alive: 0; route allocated: 0 of 2000; total allocated: 0 of 2000]
08-01-2019 22:40:02 PoolingHttpClientConnectionManager.java DEBUG [Forwarding deleteAllCookies on session 5e3bc184-7a33-4897-be3c-42f3725c7fda to remote] conn.PoolingHttpClientConnectionManager 282 - Connection leased: [id: 4][route: {}-&gt;http://127.0.0.1:7055][total kept alive: 0; route allocated: 1 of 2000; total allocated: 1 of 2000]
08-01-2019 22:40:02 MainClientExec.java DEBUG [Forwarding deleteAllCookies on session 5e3bc184-7a33-4897-be3c-42f3725c7fda to remote] execchain.MainClientExec 234 - Opening connection {}-&gt;http://127.0.0.1:7055
08-01-2019 22:40:02 DefaultHttpClientConnectionOperator.java DEBUG [Forwarding deleteAllCookies on session 5e3bc184-7a33-4897-be3c-42f3725c7fda to remote] conn.DefaultHttpClientConnectionOperator 131 - Connecting to /127.0.0.1:7055
08-01-2019 22:40:02 DefaultHttpClientConnectionOperator.java DEBUG [Forwarding deleteAllCookies on session 5e3bc184-7a33-4897-be3c-42f3725c7fda to remote] conn.DefaultHttpClientConnectionOperator 138 - Connection established 127.0.0.1:56669&lt;-&gt;127.0.0.1:7055
08-01-2019 22:40:02 LoggingManagedHttpClientConnection.java DEBUG [Forwarding deleteAllCookies on session 5e3bc184-7a33-4897-be3c-42f3725c7fda to remote] conn.DefaultManagedHttpClientConnection 90 - http-outgoing-4: set socket timeout to 10800000
08-01-2019 22:40:02 MainClientExec.java DEBUG [Forwarding deleteAllCookies on session 5e3bc184-7a33-4897-be3c-42f3725c7fda to remote] execchain.MainClientExec 255 - Executing request DELETE /hub/session/5e3bc184-7a33-4897-be3c-42f3725c7fda/cookie HTTP/1.1
08-01-2019 22:40:02 MainClientExec.java DEBUG [Forwarding deleteAllCookies on session 5e3bc184-7a33-4897-be3c-42f3725c7fda to remote] execchain.MainClientExec 260 - Target auth state: UNCHALLENGED
08-01-2019 22:40:02 MainClientExec.java DEBUG [Forwarding deleteAllCookies on session 5e3bc184-7a33-4897-be3c-42f3725c7fda to remote] execchain.MainClientExec 266 - Proxy auth state: UNCHALLENGED
08-01-2019 22:40:02 LoggingManagedHttpClientConnection.java DEBUG [Forwarding deleteAllCookies on session 5e3bc184-7a33-4897-be3c-42f3725c7fda to remote] http.headers 135 - http-outgoing-4 &gt;&gt; DELETE /hub/session/5e3bc184-7a33-4897-be3c-42f3725c7fda/cookie HTTP/1.1
08-01-2019 22:40:02 LoggingManagedHttpClientConnection.java DEBUG [Forwarding deleteAllCookies on session 5e3bc184-7a33-4897-be3c-42f3725c7fda to remote] http.headers 138 - http-outgoing-4 &gt;&gt; Host: 127.0.0.1:7055
08-01-2019 22:40:02 LoggingManagedHttpClientConnection.java DEBUG [Forwarding deleteAllCookies on session 5e3bc184-7a33-4897-be3c-42f3725c7fda to remote] http.headers 138 - http-outgoing-4 &gt;&gt; Connection: Keep-Alive
08-01-2019 22:40:02 LoggingManagedHttpClientConnection.java DEBUG [Forwarding deleteAllCookies on session 5e3bc184-7a33-4897-be3c-42f3725c7fda to remote] http.headers 138 - http-outgoing-4 &gt;&gt; User-Agent: Apache-HttpClient/4.5.1 (Java/1.8.0_101)
08-01-2019 22:40:02 LoggingManagedHttpClientConnection.java DEBUG [Forwarding deleteAllCookies on session 5e3bc184-7a33-4897-be3c-42f3725c7fda to remote] http.headers 138 - http-outgoing-4 &gt;&gt; Accept-Encoding: gzip,deflate
08-01-2019 22:40:02 Wire.java DEBUG [Forwarding deleteAllCookies on session 5e3bc184-7a33-4897-be3c-42f3725c7fda to remote] http.wire 72 - http-outgoing-4 &gt;&gt; &quot;DELETE /hub/session/5e3bc184-7a33-4897-be3c-42f3725c7fda/cookie HTTP/1.1[\r][\n]&quot;
08-01-2019 22:40:02 Wire.java DEBUG [Forwarding deleteAllCookies on session 5e3bc184-7a33-4897-be3c-42f3725c7fda to remote] http.wire 72 - http-outgoing-4 &gt;&gt; &quot;Host: 127.0.0.1:7055[\r][\n]&quot;
08-01-2019 22:40:02 Wire.java DEBUG [Forwarding deleteAllCookies on session 5e3bc184-7a33-4897-be3c-42f3725c7fda to remote] http.wire 72 - http-outgoing-4 &gt;&gt; &quot;Connection: Keep-Alive[\r][\n]&quot;
08-01-2019 22:40:02 Wire.java DEBUG [Forwarding deleteAllCookies on session 5e3bc184-7a33-4897-be3c-42f3725c7fda to remote] http.wire 72 - http-outgoing-4 &gt;&gt; &quot;User-Agent: Apache-HttpClient/4.5.1 (Java/1.8.0_101)[\r][\n]&quot;
08-01-2019 22:40:02 Wire.java DEBUG [Forwarding deleteAllCookies on session 5e3bc184-7a33-4897-be3c-42f3725c7fda to remote] http.wire 72 - http-outgoing-4 &gt;&gt; &quot;Accept-Encoding: gzip,deflate[\r][\n]&quot;
08-01-2019 22:40:02 Wire.java DEBUG [Forwarding deleteAllCookies on session 5e3bc184-7a33-4897-be3c-42f3725c7fda to remote] http.wire 72 - http-outgoing-4 &gt;&gt; &quot;[\r][\n]&quot;
08-01-2019 22:40:02 Wire.java DEBUG [Forwarding deleteAllCookies on session 5e3bc184-7a33-4897-be3c-42f3725c7fda to remote] http.wire 72 - http-outgoing-4 &lt;&lt; &quot;HTTP/1.1 200 OK[\r][\n]&quot;
08-01-2019 22:40:02 Wire.java DEBUG [Forwarding deleteAllCookies on session 5e3bc184-7a33-4897-be3c-42f3725c7fda to remote] http.wire 72 - http-outgoing-4 &lt;&lt; &quot;content-type: application/json; charset=UTF-8[\r][\n]&quot;
08-01-2019 22:40:02 Wire.java DEBUG [Forwarding deleteAllCookies on session 5e3bc184-7a33-4897-be3c-42f3725c7fda to remote] http.wire 72 - http-outgoing-4 &lt;&lt; &quot;connection: close[\r][\n]&quot;
08-01-2019 22:40:02 Wire.java DEBUG [Forwarding deleteAllCookies on session 5e3bc184-7a33-4897-be3c-42f3725c7fda to remote] http.wire 72 - http-outgoing-4 &lt;&lt; &quot;content-length: 100[\r][\n]&quot;
08-01-2019 22:40:02 Wire.java DEBUG [Forwarding deleteAllCookies on session 5e3bc184-7a33-4897-be3c-42f3725c7fda to remote] http.wire 72 - http-outgoing-4 &lt;&lt; &quot;server: httpd.js[\r][\n]&quot;
08-01-2019 22:40:02 Wire.java DEBUG [Forwarding deleteAllCookies on session 5e3bc184-7a33-4897-be3c-42f3725c7fda to remote] http.wire 72 - http-outgoing-4 &lt;&lt; &quot;date: Thu, 01 Aug 2019 17:10:02 GMT[\r][\n]&quot;
08-01-2019 22:40:02 Wire.java DEBUG [Forwarding deleteAllCookies on session 5e3bc184-7a33-4897-be3c-42f3725c7fda to remote] http.wire 72 - http-outgoing-4 &lt;&lt; &quot;[\r][\n]&quot;
08-01-2019 22:40:02 LoggingManagedHttpClientConnection.java DEBUG [Forwarding deleteAllCookies on session 5e3bc184-7a33-4897-be3c-42f3725c7fda to remote] http.headers 124 - http-outgoing-4 &lt;&lt; HTTP/1.1 200 OK
08-01-2019 22:40:02 LoggingManagedHttpClientConnection.java DEBUG [Forwarding deleteAllCookies on session 5e3bc184-7a33-4897-be3c-42f3725c7fda to remote] http.headers 127 - http-outgoing-4 &lt;&lt; content-type: application/json; charset=UTF-8
08-01-2019 22:40:02 LoggingManagedHttpClientConnection.java DEBUG [Forwarding deleteAllCookies on session 5e3bc184-7a33-4897-be3c-42f3725c7fda to remote] http.headers 127 - http-outgoing-4 &lt;&lt; connection: close
08-01-2019 22:40:02 LoggingManagedHttpClientConnection.java DEBUG [Forwarding deleteAllCookies on session 5e3bc184-7a33-4897-be3c-42f3725c7fda to remote] http.headers 127 - http-outgoing-4 &lt;&lt; content-length: 100
08-01-2019 22:40:02 LoggingManagedHttpClientConnection.java DEBUG [Forwarding deleteAllCookies on session 5e3bc184-7a33-4897-be3c-42f3725c7fda to remote] http.headers 127 - http-outgoing-4 &lt;&lt; server: httpd.js
08-01-2019 22:40:02 LoggingManagedHttpClientConnection.java DEBUG [Forwarding deleteAllCookies on session 5e3bc184-7a33-4897-be3c-42f3725c7fda to remote] http.headers 127 - http-outgoing-4 &lt;&lt; date: Thu, 01 Aug 2019 17:10:02 GMT
08-01-2019 22:40:02 Wire.java DEBUG [Forwarding deleteAllCookies on session 5e3bc184-7a33-4897-be3c-42f3725c7fda to remote] http.wire 86 - http-outgoing-4 &lt;&lt; &quot;{&quot;name&quot;:&quot;deleteAllCookies&quot;,&quot;sessionId&quot;:&quot;5e3bc184-7a33-4897-be3c-42f3725c7fda&quot;,&quot;status&quot;:0,&quot;value&quot;:&quot;&quot;}&quot;
08-01-2019 22:40:02 LoggingManagedHttpClientConnection.java DEBUG [Forwarding deleteAllCookies on session 5e3bc184-7a33-4897-be3c-42f3725c7fda to remote] conn.DefaultManagedHttpClientConnection 81 - http-outgoing-4: Close connection
08-01-2019 22:40:02 ConnectionHolder.java DEBUG [Forwarding deleteAllCookies on session 5e3bc184-7a33-4897-be3c-42f3725c7fda to remote] execchain.MainClientExec 103 - Connection discarded
08-01-2019 22:40:02 PoolingHttpClientConnectionManager.java DEBUG [Forwarding deleteAllCookies on session 5e3bc184-7a33-4897-be3c-42f3725c7fda to remote] conn.PoolingHttpClientConnectionManager 320 - Connection released: [id: 4][route: {}-&gt;http://127.0.0.1:7055][total kept alive: 0; route allocated: 0 of 2000; total allocated: 0 of 2000]
08-01-2019 22:40:02 RequestAddCookies.java DEBUG [Forwarding get on session 5e3bc184-7a33-4897-be3c-42f3725c7fda to remote] protocol.RequestAddCookies 122 - CookieSpec selected: default
08-01-2019 22:40:02 RequestAuthCache.java DEBUG [Forwarding get on session 5e3bc184-7a33-4897-be3c-42f3725c7fda to remote] protocol.RequestAuthCache 76 - Auth cache not set in the context
08-01-2019 22:40:02 PoolingHttpClientConnectionManager.java DEBUG [Forwarding get on session 5e3bc184-7a33-4897-be3c-42f3725c7fda to remote] conn.PoolingHttpClientConnectionManager 249 - Connection request: [route: {}-&gt;http://127.0.0.1:7055][total kept alive: 0; route allocated: 0 of 2000; total allocated: 0 of 2000]
08-01-2019 22:40:02 PoolingHttpClientConnectionManager.java DEBUG [Forwarding get on session 5e3bc184-7a33-4897-be3c-42f3725c7fda to remote] conn.PoolingHttpClientConnectionManager 282 - Connection leased: [id: 5][route: {}-&gt;http://127.0.0.1:7055][total kept alive: 0; route allocated: 1 of 2000; total allocated: 1 of 2000]
08-01-2019 22:40:02 MainClientExec.java DEBUG [Forwarding get on session 5e3bc184-7a33-4897-be3c-42f3725c7fda to remote] execchain.MainClientExec 234 - Opening connection {}-&gt;http://127.0.0.1:7055
08-01-2019 22:40:02 DefaultHttpClientConnectionOperator.java DEBUG [Forwarding get on session 5e3bc184-7a33-4897-be3c-42f3725c7fda to remote] conn.DefaultHttpClientConnectionOperator 131 - Connecting to /127.0.0.1:7055
08-01-2019 22:40:02 DefaultHttpClientConnectionOperator.java DEBUG [Forwarding get on session 5e3bc184-7a33-4897-be3c-42f3725c7fda to remote] conn.DefaultHttpClientConnectionOperator 138 - Connection established 127.0.0.1:56670&lt;-&gt;127.0.0.1:7055
08-01-2019 22:40:02 LoggingManagedHttpClientConnection.java DEBUG [Forwarding get on session 5e3bc184-7a33-4897-be3c-42f3725c7fda to remote] conn.DefaultManagedHttpClientConnection 90 - http-outgoing-5: set socket timeout to 10800000
08-01-2019 22:40:02 MainClientExec.java DEBUG [Forwarding get on session 5e3bc184-7a33-4897-be3c-42f3725c7fda to remote] execchain.MainClientExec 255 - Executing request POST /hub/session/5e3bc184-7a33-4897-be3c-42f3725c7fda/url HTTP/1.1
08-01-2019 22:40:02 MainClientExec.java DEBUG [Forwarding get on session 5e3bc184-7a33-4897-be3c-42f3725c7fda to remote] execchain.MainClientExec 260 - Target auth state: UNCHALLENGED
08-01-2019 22:40:02 MainClientExec.java DEBUG [Forwarding get on session 5e3bc184-7a33-4897-be3c-42f3725c7fda to remote] execchain.MainClientExec 266 - Proxy auth state: UNCHALLENGED
08-01-2019 22:40:02 LoggingManagedHttpClientConnection.java DEBUG [Forwarding get on session 5e3bc184-7a33-4897-be3c-42f3725c7fda to remote] http.headers 135 - http-outgoing-5 &gt;&gt; POST /hub/session/5e3bc184-7a33-4897-be3c-42f3725c7fda/url HTTP/1.1
08-01-2019 22:40:02 LoggingManagedHttpClientConnection.java DEBUG [Forwarding get on session 5e3bc184-7a33-4897-be3c-42f3725c7fda to remote] http.headers 138 - http-outgoing-5 &gt;&gt; Content-Type: application/json; charset=utf-8
08-01-2019 22:40:02 LoggingManagedHttpClientConnection.java DEBUG [Forwarding get on session 5e3bc184-7a33-4897-be3c-42f3725c7fda to remote] http.headers 138 - http-outgoing-5 &gt;&gt; Content-Length: 36
08-01-2019 22:40:02 LoggingManagedHttpClientConnection.java DEBUG [Forwarding get on session 5e3bc184-7a33-4897-be3c-42f3725c7fda to remote] http.headers 138 - http-outgoing-5 &gt;&gt; Host: 127.0.0.1:7055
08-01-2019 22:40:02 LoggingManagedHttpClientConnection.java DEBUG [Forwarding get on session 5e3bc184-7a33-4897-be3c-42f3725c7fda to remote] http.headers 138 - http-outgoing-5 &gt;&gt; Connection: Keep-Alive
08-01-2019 22:40:02 LoggingManagedHttpClientConnection.java DEBUG [Forwarding get on session 5e3bc184-7a33-4897-be3c-42f3725c7fda to remote] http.headers 138 - http-outgoing-5 &gt;&gt; User-Agent: Apache-HttpClient/4.5.1 (Java/1.8.0_101)
08-01-2019 22:40:02 LoggingManagedHttpClientConnection.java DEBUG [Forwarding get on session 5e3bc184-7a33-4897-be3c-42f3725c7fda to remote] http.headers 138 - http-outgoing-5 &gt;&gt; Accept-Encoding: gzip,deflate
08-01-2019 22:40:02 Wire.java DEBUG [Forwarding get on session 5e3bc184-7a33-4897-be3c-42f3725c7fda to remote] http.wire 72 - http-outgoing-5 &gt;&gt; &quot;POST /hub/session/5e3bc184-7a33-4897-be3c-42f3725c7fda/url HTTP/1.1[\r][\n]&quot;
08-01-2019 22:40:02 Wire.java DEBUG [Forwarding get on session 5e3bc184-7a33-4897-be3c-42f3725c7fda to remote] http.wire 72 - http-outgoing-5 &gt;&gt; &quot;Content-Type: application/json; charset=utf-8[\r][\n]&quot;
08-01-2019 22:40:02 Wire.java DEBUG [Forwarding get on session 5e3bc184-7a33-4897-be3c-42f3725c7fda to remote] http.wire 72 - http-outgoing-5 &gt;&gt; &quot;Content-Length: 36[\r][\n]&quot;
08-01-2019 22:40:02 Wire.java DEBUG [Forwarding get on session 5e3bc184-7a33-4897-be3c-42f3725c7fda to remote] http.wire 72 - http-outgoing-5 &gt;&gt; &quot;Host: 127.0.0.1:7055[\r][\n]&quot;
08-01-2019 22:40:02 Wire.java DEBUG [Forwarding get on session 5e3bc184-7a33-4897-be3c-42f3725c7fda to remote] http.wire 72 - http-outgoing-5 &gt;&gt; &quot;Connection: Keep-Alive[\r][\n]&quot;
08-01-2019 22:40:02 Wire.java DEBUG [Forwarding get on session 5e3bc184-7a33-4897-be3c-42f3725c7fda to remote] http.wire 72 - http-outgoing-5 &gt;&gt; &quot;User-Agent: Apache-HttpClient/4.5.1 (Java/1.8.0_101)[\r][\n]&quot;
08-01-2019 22:40:02 Wire.java DEBUG [Forwarding get on session 5e3bc184-7a33-4897-be3c-42f3725c7fda to remote] http.wire 72 - http-outgoing-5 &gt;&gt; &quot;Accept-Encoding: gzip,deflate[\r][\n]&quot;
08-01-2019 22:40:02 Wire.java DEBUG [Forwarding get on session 5e3bc184-7a33-4897-be3c-42f3725c7fda to remote] http.wire 72 - http-outgoing-5 &gt;&gt; &quot;[\r][\n]&quot;
08-01-2019 22:40:02 Wire.java DEBUG [Forwarding get on session 5e3bc184-7a33-4897-be3c-42f3725c7fda to remote] http.wire 86 - http-outgoing-5 &gt;&gt; &quot;{&quot;url&quot;:&quot;https://classic.crmpro.com&quot;}&quot;
08-01-2019 22:40:11 Wire.java DEBUG [Forwarding get on session 5e3bc184-7a33-4897-be3c-42f3725c7fda to remote] http.wire 72 - http-outgoing-5 &lt;&lt; &quot;HTTP/1.1 200 OK[\r][\n]&quot;
08-01-2019 22:40:11 Wire.java DEBUG [Forwarding get on session 5e3bc184-7a33-4897-be3c-42f3725c7fda to remote] http.wire 72 - http-outgoing-5 &lt;&lt; &quot;content-type: application/json; charset=UTF-8[\r][\n]&quot;
08-01-2019 22:40:11 Wire.java DEBUG [Forwarding get on session 5e3bc184-7a33-4897-be3c-42f3725c7fda to remote] http.wire 72 - http-outgoing-5 &lt;&lt; &quot;connection: close[\r][\n]&quot;
08-01-2019 22:40:11 Wire.java DEBUG [Forwarding get on session 5e3bc184-7a33-4897-be3c-42f3725c7fda to remote] http.wire 72 - http-outgoing-5 &lt;&lt; &quot;content-length: 87[\r][\n]&quot;
08-01-2019 22:40:11 Wire.java DEBUG [Forwarding get on session 5e3bc184-7a33-4897-be3c-42f3725c7fda to remote] http.wire 72 - http-outgoing-5 &lt;&lt; &quot;server: httpd.js[\r][\n]&quot;
08-01-2019 22:40:11 Wire.java DEBUG [Forwarding get on session 5e3bc184-7a33-4897-be3c-42f3725c7fda to remote] http.wire 72 - http-outgoing-5 &lt;&lt; &quot;date: Thu, 01 Aug 2019 17:10:11 GMT[\r][\n]&quot;
08-01-2019 22:40:11 Wire.java DEBUG [Forwarding get on session 5e3bc184-7a33-4897-be3c-42f3725c7fda to remote] http.wire 72 - http-outgoing-5 &lt;&lt; &quot;[\r][\n]&quot;
08-01-2019 22:40:11 Wire.java DEBUG [Forwarding get on session 5e3bc184-7a33-4897-be3c-42f3725c7fda to remote] http.wire 86 - http-outgoing-5 &lt;&lt; &quot;{&quot;name&quot;:&quot;get&quot;,&quot;sessionId&quot;:&quot;5e3bc184-7a33-4897-be3c-42f3725c7fda&quot;,&quot;status&quot;:0,&quot;value&quot;:&quot;&quot;}&quot;
08-01-2019 22:40:11 LoggingManagedHttpClientConnection.java DEBUG [Forwarding get on session 5e3bc184-7a33-4897-be3c-42f3725c7fda to remote] http.headers 124 - http-outgoing-5 &lt;&lt; HTTP/1.1 200 OK
08-01-2019 22:40:11 LoggingManagedHttpClientConnection.java DEBUG [Forwarding get on session 5e3bc184-7a33-4897-be3c-42f3725c7fda to remote] http.headers 127 - http-outgoing-5 &lt;&lt; content-type: application/json; charset=UTF-8
08-01-2019 22:40:11 LoggingManagedHttpClientConnection.java DEBUG [Forwarding get on session 5e3bc184-7a33-4897-be3c-42f3725c7fda to remote] http.headers 127 - http-outgoing-5 &lt;&lt; connection: close
08-01-2019 22:40:11 LoggingManagedHttpClientConnection.java DEBUG [Forwarding get on session 5e3bc184-7a33-4897-be3c-42f3725c7fda to remote] http.headers 127 - http-outgoing-5 &lt;&lt; content-length: 87
08-01-2019 22:40:11 LoggingManagedHttpClientConnection.java DEBUG [Forwarding get on session 5e3bc184-7a33-4897-be3c-42f3725c7fda to remote] http.headers 127 - http-outgoing-5 &lt;&lt; server: httpd.js
08-01-2019 22:40:11 LoggingManagedHttpClientConnection.java DEBUG [Forwarding get on session 5e3bc184-7a33-4897-be3c-42f3725c7fda to remote] http.headers 127 - http-outgoing-5 &lt;&lt; date: Thu, 01 Aug 2019 17:10:11 GMT
08-01-2019 22:40:11 LoggingManagedHttpClientConnection.java DEBUG [Forwarding get on session 5e3bc184-7a33-4897-be3c-42f3725c7fda to remote] conn.DefaultManagedHttpClientConnection 81 - http-outgoing-5: Close connection
08-01-2019 22:40:11 ConnectionHolder.java DEBUG [Forwarding get on session 5e3bc184-7a33-4897-be3c-42f3725c7fda to remote] execchain.MainClientExec 103 - Connection discarded
08-01-2019 22:40:11 PoolingHttpClientConnectionManager.java DEBUG [Forwarding get on session 5e3bc184-7a33-4897-be3c-42f3725c7fda to remote] conn.PoolingHttpClientConnectionManager 320 - Connection released: [id: 5][route: {}-&gt;http://127.0.0.1:7055][total kept alive: 0; route allocated: 0 of 2000; total allocated: 0 of 2000]
08-01-2019 22:40:11 RequestAddCookies.java DEBUG [Forwarding findElement on session 5e3bc184-7a33-4897-be3c-42f3725c7fda to remote] protocol.RequestAddCookies 122 - CookieSpec selected: default
08-01-2019 22:40:11 RequestAuthCache.java DEBUG [Forwarding findElement on session 5e3bc184-7a33-4897-be3c-42f3725c7fda to remote] protocol.RequestAuthCache 76 - Auth cache not set in the context
08-01-2019 22:40:11 PoolingHttpClientConnectionManager.java DEBUG [Forwarding findElement on session 5e3bc184-7a33-4897-be3c-42f3725c7fda to remote] conn.PoolingHttpClientConnectionManager 249 - Connection request: [route: {}-&gt;http://127.0.0.1:7055][total kept alive: 0; route allocated: 0 of 2000; total allocated: 0 of 2000]
08-01-2019 22:40:11 PoolingHttpClientConnectionManager.java DEBUG [Forwarding findElement on session 5e3bc184-7a33-4897-be3c-42f3725c7fda to remote] conn.PoolingHttpClientConnectionManager 282 - Connection leased: [id: 6][route: {}-&gt;http://127.0.0.1:7055][total kept alive: 0; route allocated: 1 of 2000; total allocated: 1 of 2000]
08-01-2019 22:40:11 MainClientExec.java DEBUG [Forwarding findElement on session 5e3bc184-7a33-4897-be3c-42f3725c7fda to remote] execchain.MainClientExec 234 - Opening connection {}-&gt;http://127.0.0.1:7055
08-01-2019 22:40:11 DefaultHttpClientConnectionOperator.java DEBUG [Forwarding findElement on session 5e3bc184-7a33-4897-be3c-42f3725c7fda to remote] conn.DefaultHttpClientConnectionOperator 131 - Connecting to /127.0.0.1:7055
08-01-2019 22:40:11 DefaultHttpClientConnectionOperator.java DEBUG [Forwarding findElement on session 5e3bc184-7a33-4897-be3c-42f3725c7fda to remote] conn.DefaultHttpClientConnectionOperator 138 - Connection established 127.0.0.1:56707&lt;-&gt;127.0.0.1:7055
08-01-2019 22:40:11 LoggingManagedHttpClientConnection.java DEBUG [Forwarding findElement on session 5e3bc184-7a33-4897-be3c-42f3725c7fda to remote] conn.DefaultManagedHttpClientConnection 90 - http-outgoing-6: set socket timeout to 10800000
08-01-2019 22:40:11 MainClientExec.java DEBUG [Forwarding findElement on session 5e3bc184-7a33-4897-be3c-42f3725c7fda to remote] execchain.MainClientExec 255 - Executing request POST /hub/session/5e3bc184-7a33-4897-be3c-42f3725c7fda/element HTTP/1.1
08-01-2019 22:40:11 MainClientExec.java DEBUG [Forwarding findElement on session 5e3bc184-7a33-4897-be3c-42f3725c7fda to remote] execchain.MainClientExec 260 - Target auth state: UNCHALLENGED
08-01-2019 22:40:11 MainClientExec.java DEBUG [Forwarding findElement on session 5e3bc184-7a33-4897-be3c-42f3725c7fda to remote] execchain.MainClientExec 266 - Proxy auth state: UNCHALLENGED
08-01-2019 22:40:11 LoggingManagedHttpClientConnection.java DEBUG [Forwarding findElement on session 5e3bc184-7a33-4897-be3c-42f3725c7fda to remote] http.headers 135 - http-outgoing-6 &gt;&gt; POST /hub/session/5e3bc184-7a33-4897-be3c-42f3725c7fda/element HTTP/1.1
08-01-2019 22:40:11 LoggingManagedHttpClientConnection.java DEBUG [Forwarding findElement on session 5e3bc184-7a33-4897-be3c-42f3725c7fda to remote] http.headers 138 - http-outgoing-6 &gt;&gt; Content-Type: application/json; charset=utf-8
08-01-2019 22:40:11 LoggingManagedHttpClientConnection.java DEBUG [Forwarding findElement on session 5e3bc184-7a33-4897-be3c-42f3725c7fda to remote] http.headers 138 - http-outgoing-6 &gt;&gt; Content-Length: 40
08-01-2019 22:40:11 LoggingManagedHttpClientConnection.java DEBUG [Forwarding findElement on session 5e3bc184-7a33-4897-be3c-42f3725c7fda to remote] http.headers 138 - http-outgoing-6 &gt;&gt; Host: 127.0.0.1:7055
08-01-2019 22:40:11 LoggingManagedHttpClientConnection.java DEBUG [Forwarding findElement on session 5e3bc184-7a33-4897-be3c-42f3725c7fda to remote] http.headers 138 - http-outgoing-6 &gt;&gt; Connection: Keep-Alive
08-01-2019 22:40:11 LoggingManagedHttpClientConnection.java DEBUG [Forwarding findElement on session 5e3bc184-7a33-4897-be3c-42f3725c7fda to remote] http.headers 138 - http-outgoing-6 &gt;&gt; User-Agent: Apache-HttpClient/4.5.1 (Java/1.8.0_101)
08-01-2019 22:40:11 LoggingManagedHttpClientConnection.java DEBUG [Forwarding findElement on session 5e3bc184-7a33-4897-be3c-42f3725c7fda to remote] http.headers 138 - http-outgoing-6 &gt;&gt; Accept-Encoding: gzip,deflate
08-01-2019 22:40:11 Wire.java DEBUG [Forwarding findElement on session 5e3bc184-7a33-4897-be3c-42f3725c7fda to remote] http.wire 72 - http-outgoing-6 &gt;&gt; &quot;POST /hub/session/5e3bc184-7a33-4897-be3c-42f3725c7fda/element HTTP/1.1[\r][\n]&quot;
08-01-2019 22:40:11 Wire.java DEBUG [Forwarding findElement on session 5e3bc184-7a33-4897-be3c-42f3725c7fda to remote] http.wire 72 - http-outgoing-6 &gt;&gt; &quot;Content-Type: application/json; charset=utf-8[\r][\n]&quot;
08-01-2019 22:40:11 Wire.java DEBUG [Forwarding findElement on session 5e3bc184-7a33-4897-be3c-42f3725c7fda to remote] http.wire 72 - http-outgoing-6 &gt;&gt; &quot;Content-Length: 40[\r][\n]&quot;
08-01-2019 22:40:11 Wire.java DEBUG [Forwarding findElement on session 5e3bc184-7a33-4897-be3c-42f3725c7fda to remote] http.wire 72 - http-outgoing-6 &gt;&gt; &quot;Host: 127.0.0.1:7055[\r][\n]&quot;
08-01-2019 22:40:11 Wire.java DEBUG [Forwarding findElement on session 5e3bc184-7a33-4897-be3c-42f3725c7fda to remote] http.wire 72 - http-outgoing-6 &gt;&gt; &quot;Connection: Keep-Alive[\r][\n]&quot;
08-01-2019 22:40:11 Wire.java DEBUG [Forwarding findElement on session 5e3bc184-7a33-4897-be3c-42f3725c7fda to remote] http.wire 72 - http-outgoing-6 &gt;&gt; &quot;User-Agent: Apache-HttpClient/4.5.1 (Java/1.8.0_101)[\r][\n]&quot;
08-01-2019 22:40:11 Wire.java DEBUG [Forwarding findElement on session 5e3bc184-7a33-4897-be3c-42f3725c7fda to remote] http.wire 72 - http-outgoing-6 &gt;&gt; &quot;Accept-Encoding: gzip,deflate[\r][\n]&quot;
08-01-2019 22:40:11 Wire.java DEBUG [Forwarding findElement on session 5e3bc184-7a33-4897-be3c-42f3725c7fda to remote] http.wire 72 - http-outgoing-6 &gt;&gt; &quot;[\r][\n]&quot;
08-01-2019 22:40:11 Wire.java DEBUG [Forwarding findElement on session 5e3bc184-7a33-4897-be3c-42f3725c7fda to remote] http.wire 86 - http-outgoing-6 &gt;&gt; &quot;{&quot;using&quot;:&quot;xpath&quot;,&quot;value&quot;:&quot;signUpButton&quot;}&quot;
08-01-2019 22:40:31 Wire.java DEBUG [Forwarding findElement on session 5e3bc184-7a33-4897-be3c-42f3725c7fda to remote] http.wire 72 - http-outgoing-6 &lt;&lt; &quot;HTTP/1.1 500 Internal Server Error[\r][\n]&quot;
08-01-2019 22:40:31 Wire.java DEBUG [Forwarding findElement on session 5e3bc184-7a33-4897-be3c-42f3725c7fda to remote] http.wire 72 - http-outgoing-6 &lt;&lt; &quot;content-type: application/json; charset=UTF-8[\r][\n]&quot;
08-01-2019 22:40:31 Wire.java DEBUG [Forwarding findElement on session 5e3bc184-7a33-4897-be3c-42f3725c7fda to remote] http.wire 72 - http-outgoing-6 &lt;&lt; &quot;connection: close[\r][\n]&quot;
08-01-2019 22:40:31 Wire.java DEBUG [Forwarding findElement on session 5e3bc184-7a33-4897-be3c-42f3725c7fda to remote] http.wire 72 - http-outgoing-6 &lt;&lt; &quot;content-length: 727[\r][\n]&quot;
08-01-2019 22:40:31 Wire.java DEBUG [Forwarding findElement on session 5e3bc184-7a33-4897-be3c-42f3725c7fda to remote] http.wire 72 - http-outgoing-6 &lt;&lt; &quot;server: httpd.js[\r][\n]&quot;
08-01-2019 22:40:31 Wire.java DEBUG [Forwarding findElement on session 5e3bc184-7a33-4897-be3c-42f3725c7fda to remote] http.wire 72 - http-outgoing-6 &lt;&lt; &quot;date: Thu, 01 Aug 2019 17:10:31 GMT[\r][\n]&quot;
08-01-2019 22:40:31 Wire.java DEBUG [Forwarding findElement on session 5e3bc184-7a33-4897-be3c-42f3725c7fda to remote] http.wire 72 - http-outgoing-6 &lt;&lt; &quot;[\r][\n]&quot;
08-01-2019 22:40:31 LoggingManagedHttpClientConnection.java DEBUG [Forwarding findElement on session 5e3bc184-7a33-4897-be3c-42f3725c7fda to remote] http.headers 124 - http-outgoing-6 &lt;&lt; HTTP/1.1 500 Internal Server Error
08-01-2019 22:40:31 LoggingManagedHttpClientConnection.java DEBUG [Forwarding findElement on session 5e3bc184-7a33-4897-be3c-42f3725c7fda to remote] http.headers 127 - http-outgoing-6 &lt;&lt; content-type: application/json; charset=UTF-8
08-01-2019 22:40:31 LoggingManagedHttpClientConnection.java DEBUG [Forwarding findElement on session 5e3bc184-7a33-4897-be3c-42f3725c7fda to remote] http.headers 127 - http-outgoing-6 &lt;&lt; connection: close
08-01-2019 22:40:31 LoggingManagedHttpClientConnection.java DEBUG [Forwarding findElement on session 5e3bc184-7a33-4897-be3c-42f3725c7fda to remote] http.headers 127 - http-outgoing-6 &lt;&lt; content-length: 727
08-01-2019 22:40:31 LoggingManagedHttpClientConnection.java DEBUG [Forwarding findElement on session 5e3bc184-7a33-4897-be3c-42f3725c7fda to remote] http.headers 127 - http-outgoing-6 &lt;&lt; server: httpd.js
08-01-2019 22:40:31 LoggingManagedHttpClientConnection.java DEBUG [Forwarding findElement on session 5e3bc184-7a33-4897-be3c-42f3725c7fda to remote] http.headers 127 - http-outgoing-6 &lt;&lt; date: Thu, 01 Aug 2019 17:10:31 GMT
08-01-2019 22:40:31 Wire.java DEBUG [Forwarding findElement on session 5e3bc184-7a33-4897-be3c-42f3725c7fda to remote] http.wire 86 - http-outgoing-6 &lt;&lt; &quot;{&quot;name&quot;:&quot;findElement&quot;,&quot;sessionId&quot;:&quot;5e3bc184-7a33-4897-be3c-42f3725c7fda&quot;,&quot;status&quot;:7,&quot;value&quot;:{&quot;message&quot;:&quot;Unable to locate element: {\&quot;method\&quot;:\&quot;xpath\&quot;,\&quot;selector\&quot;:\&quot;signUpButton\&quot;}&quot;,&quot;stackTrace&quot;:[{&quot;methodName&quot;:&quot;FirefoxDriver.prototype.findElementInternal_&quot;,&quot;fileName&quot;:&quot;file:///C:/Users/nites/AppData/Local/Temp/anonymous155488911048298946webdriver-profile/extensions/fxdriver@googlecode.com/components/driver-component.js&quot;,&quot;lineNumber&quot;:10770,&quot;columnNumber&quot;:26},{&quot;methodName&quot;:&quot;fxdriver.Timer.prototype.setTimeout/&lt;.notify&quot;,&quot;fileName&quot;:&quot;file:///C:/Users/nites/AppData/Local/Temp/anonymous155488911048298946webdriver-profile/extensions/fxdriver@googlecode.com/components/driver-component.js&quot;,&quot;lineNumber&quot;:625,&quot;columnNumber&quot;:5}]}}&quot;
08-01-2019 22:40:31 LoggingManagedHttpClientConnection.java DEBUG [Forwarding findElement on session 5e3bc184-7a33-4897-be3c-42f3725c7fda to remote] conn.DefaultManagedHttpClientConnection 81 - http-outgoing-6: Close connection
08-01-2019 22:40:31 ConnectionHolder.java DEBUG [Forwarding findElement on session 5e3bc184-7a33-4897-be3c-42f3725c7fda to remote] execchain.MainClientExec 103 - Connection discarded
08-01-2019 22:40:31 PoolingHttpClientConnectionManager.java DEBUG [Forwarding findElement on session 5e3bc184-7a33-4897-be3c-42f3725c7fda to remote] conn.PoolingHttpClientConnectionManager 320 - Connection released: [id: 6][route: {}-&gt;http://127.0.0.1:7055][total kept alive: 0; route allocated: 0 of 2000; total allocated: 0 of 2000]
08-01-2019 22:40:31 RequestAddCookies.java DEBUG [Forwarding findElement on session 5e3bc184-7a33-4897-be3c-42f3725c7fda to remote] protocol.RequestAddCookies 122 - CookieSpec selected: default
08-01-2019 22:40:31 RequestAuthCache.java DEBUG [Forwarding findElement on session 5e3bc184-7a33-4897-be3c-42f3725c7fda to remote] protocol.RequestAuthCache 76 - Auth cache not set in the context
08-01-2019 22:40:31 PoolingHttpClientConnectionManager.java DEBUG [Forwarding findElement on session 5e3bc184-7a33-4897-be3c-42f3725c7fda to remote] conn.PoolingHttpClientConnectionManager 249 - Connection request: [route: {}-&gt;http://127.0.0.1:7055][total kept alive: 0; route allocated: 0 of 2000; total allocated: 0 of 2000]
08-01-2019 22:40:31 PoolingHttpClientConnectionManager.java DEBUG [Forwarding findElement on session 5e3bc184-7a33-4897-be3c-42f3725c7fda to remote] conn.PoolingHttpClientConnectionManager 282 - Connection leased: [id: 7][route: {}-&gt;http://127.0.0.1:7055][total kept alive: 0; route allocated: 1 of 2000; total allocated: 1 of 2000]
08-01-2019 22:40:31 MainClientExec.java DEBUG [Forwarding findElement on session 5e3bc184-7a33-4897-be3c-42f3725c7fda to remote] execchain.MainClientExec 234 - Opening connection {}-&gt;http://127.0.0.1:7055
08-01-2019 22:40:31 DefaultHttpClientConnectionOperator.java DEBUG [Forwarding findElement on session 5e3bc184-7a33-4897-be3c-42f3725c7fda to remote] conn.DefaultHttpClientConnectionOperator 131 - Connecting to /127.0.0.1:7055
08-01-2019 22:40:31 DefaultHttpClientConnectionOperator.java DEBUG [Forwarding findElement on session 5e3bc184-7a33-4897-be3c-42f3725c7fda to remote] conn.DefaultHttpClientConnectionOperator 138 - Connection established 127.0.0.1:56709&lt;-&gt;127.0.0.1:7055
08-01-2019 22:40:31 LoggingManagedHttpClientConnection.java DEBUG [Forwarding findElement on session 5e3bc184-7a33-4897-be3c-42f3725c7fda to remote] conn.DefaultManagedHttpClientConnection 90 - http-outgoing-7: set socket timeout to 10800000
08-01-2019 22:40:31 MainClientExec.java DEBUG [Forwarding findElement on session 5e3bc184-7a33-4897-be3c-42f3725c7fda to remote] execchain.MainClientExec 255 - Executing request POST /hub/session/5e3bc184-7a33-4897-be3c-42f3725c7fda/element HTTP/1.1
08-01-2019 22:40:31 MainClientExec.java DEBUG [Forwarding findElement on session 5e3bc184-7a33-4897-be3c-42f3725c7fda to remote] execchain.MainClientExec 260 - Target auth state: UNCHALLENGED
08-01-2019 22:40:31 MainClientExec.java DEBUG [Forwarding findElement on session 5e3bc184-7a33-4897-be3c-42f3725c7fda to remote] execchain.MainClientExec 266 - Proxy auth state: UNCHALLENGED
08-01-2019 22:40:31 LoggingManagedHttpClientConnection.java DEBUG [Forwarding findElement on session 5e3bc184-7a33-4897-be3c-42f3725c7fda to remote] http.headers 135 - http-outgoing-7 &gt;&gt; POST /hub/session/5e3bc184-7a33-4897-be3c-42f3725c7fda/element HTTP/1.1
08-01-2019 22:40:31 LoggingManagedHttpClientConnection.java DEBUG [Forwarding findElement on session 5e3bc184-7a33-4897-be3c-42f3725c7fda to remote] http.headers 138 - http-outgoing-7 &gt;&gt; Content-Type: application/json; charset=utf-8
08-01-2019 22:40:31 LoggingManagedHttpClientConnection.java DEBUG [Forwarding findElement on session 5e3bc184-7a33-4897-be3c-42f3725c7fda to remote] http.headers 138 - http-outgoing-7 &gt;&gt; Content-Length: 59
08-01-2019 22:40:31 LoggingManagedHttpClientConnection.java DEBUG [Forwarding findElement on session 5e3bc184-7a33-4897-be3c-42f3725c7fda to remote] http.headers 138 - http-outgoing-7 &gt;&gt; Host: 127.0.0.1:7055
08-01-2019 22:40:31 LoggingManagedHttpClientConnection.java DEBUG [Forwarding findElement on session 5e3bc184-7a33-4897-be3c-42f3725c7fda to remote] http.headers 138 - http-outgoing-7 &gt;&gt; Connection: Keep-Alive
08-01-2019 22:40:31 LoggingManagedHttpClientConnection.java DEBUG [Forwarding findElement on session 5e3bc184-7a33-4897-be3c-42f3725c7fda to remote] http.headers 138 - http-outgoing-7 &gt;&gt; User-Agent: Apache-HttpClient/4.5.1 (Java/1.8.0_101)
08-01-2019 22:40:31 LoggingManagedHttpClientConnection.java DEBUG [Forwarding findElement on session 5e3bc184-7a33-4897-be3c-42f3725c7fda to remote] http.headers 138 - http-outgoing-7 &gt;&gt; Accept-Encoding: gzip,deflate
08-01-2019 22:40:31 Wire.java DEBUG [Forwarding findElement on session 5e3bc184-7a33-4897-be3c-42f3725c7fda to remote] http.wire 72 - http-outgoing-7 &gt;&gt; &quot;POST /hub/session/5e3bc184-7a33-4897-be3c-42f3725c7fda/element HTTP/1.1[\r][\n]&quot;
08-01-2019 22:40:31 Wire.java DEBUG [Forwarding findElement on session 5e3bc184-7a33-4897-be3c-42f3725c7fda to remote] http.wire 72 - http-outgoing-7 &gt;&gt; &quot;Content-Type: application/json; charset=utf-8[\r][\n]&quot;
08-01-2019 22:40:31 Wire.java DEBUG [Forwarding findElement on session 5e3bc184-7a33-4897-be3c-42f3725c7fda to remote] http.wire 72 - http-outgoing-7 &gt;&gt; &quot;Content-Length: 59[\r][\n]&quot;
08-01-2019 22:40:31 Wire.java DEBUG [Forwarding findElement on session 5e3bc184-7a33-4897-be3c-42f3725c7fda to remote] http.wire 72 - http-outgoing-7 &gt;&gt; &quot;Host: 127.0.0.1:7055[\r][\n]&quot;
08-01-2019 22:40:31 Wire.java DEBUG [Forwarding findElement on session 5e3bc184-7a33-4897-be3c-42f3725c7fda to remote] http.wire 72 - http-outgoing-7 &gt;&gt; &quot;Connection: Keep-Alive[\r][\n]&quot;
08-01-2019 22:40:31 Wire.java DEBUG [Forwarding findElement on session 5e3bc184-7a33-4897-be3c-42f3725c7fda to remote] http.wire 72 - http-outgoing-7 &gt;&gt; &quot;User-Agent: Apache-HttpClient/4.5.1 (Java/1.8.0_101)[\r][\n]&quot;
08-01-2019 22:40:31 Wire.java DEBUG [Forwarding findElement on session 5e3bc184-7a33-4897-be3c-42f3725c7fda to remote] http.wire 72 - http-outgoing-7 &gt;&gt; &quot;Accept-Encoding: gzip,deflate[\r][\n]&quot;
08-01-2019 22:40:31 Wire.java DEBUG [Forwarding findElement on session 5e3bc184-7a33-4897-be3c-42f3725c7fda to remote] http.wire 72 - http-outgoing-7 &gt;&gt; &quot;[\r][\n]&quot;
08-01-2019 22:40:31 Wire.java DEBUG [Forwarding findElement on session 5e3bc184-7a33-4897-be3c-42f3725c7fda to remote] http.wire 86 - http-outgoing-7 &gt;&gt; &quot;{&quot;using&quot;:&quot;xpath&quot;,&quot;value&quot;:&quot;//a[contains(text(),&apos;Sign Up&apos;)]&quot;}&quot;
08-01-2019 22:40:31 Wire.java DEBUG [Forwarding findElement on session 5e3bc184-7a33-4897-be3c-42f3725c7fda to remote] http.wire 72 - http-outgoing-7 &lt;&lt; &quot;HTTP/1.1 200 OK[\r][\n]&quot;
08-01-2019 22:40:31 Wire.java DEBUG [Forwarding findElement on session 5e3bc184-7a33-4897-be3c-42f3725c7fda to remote] http.wire 72 - http-outgoing-7 &lt;&lt; &quot;content-type: application/json; charset=UTF-8[\r][\n]&quot;
08-01-2019 22:40:31 Wire.java DEBUG [Forwarding findElement on session 5e3bc184-7a33-4897-be3c-42f3725c7fda to remote] http.wire 72 - http-outgoing-7 &lt;&lt; &quot;connection: close[\r][\n]&quot;
[...]
</system-out>
  </testcase>
  <testcase classname="com.qa.tests.ConfirmRegistrationTest" name="verifyRegistrationCompletedTest" time="62.965">
    <skipped/>
  </testcase>
  <testcase classname="com.qa.tests.ConfirmRegistrationTest" name="tearDown" time="62.965">
    <skipped/>
  </testcase>
  <testcase classname="com.qa.tests.LoginPageTest" name="pageTitleTest" time="0.027"/>
  <testcase classname="com.qa.tests.SignUpPageTest" name="verifySignUpPageTitle" time="0.067"/>
  <testcase classname="com.qa.tests.LoginPageTest" name="crmLogoImageTest" time="0.113"/>
  <testcase classname="com.qa.tests.SignUpPageTest" name="verifySignUpButtonClickableTest" time="0.36"/>
  <testcase classname="com.qa.tests.LoginPageTest" name="loginTest" time="30.178"/>
  <testcase classname="com.qa.tests.SignUpPageTest" name="verifySignUpFeatureTest" time="47.612"/>
  <testcase classname="com.qa.tests.SignUpPageTest" name="tearDown" time="47.705">
    <failure message="Unexpected modal dialog (text: Errors were encountered: 

This username is already in use by another user. Please select a different username.
): Errors were encountered: 

This username is already in use by another user. Please select a different username.

Build info: version: &apos;2.53.1&apos;, revision: &apos;a36b8b1cd5757287168e54b817830adce9b0158d&apos;, time: &apos;2016-06-30 19:26:09&apos;
System info: host: &apos;DESKTOP-MUE1MC5&apos;, ip: &apos;192.168.0.7&apos;, os.name: &apos;Windows 10&apos;, os.arch: &apos;amd64&apos;, os.version: &apos;10.0&apos;, java.version: &apos;1.8.0_101&apos;
Driver info: org.openqa.selenium.firefox.FirefoxDriver
Capabilities [{applicationCacheEnabled=true, rotatable=false, handlesAlerts=true, databaseEnabled=true, version=47.0.2, platform=WINDOWS, nativeEvents=false, acceptSslCerts=true, webStorageEnabled=true, locationContextEnabled=true, browserName=firefox, takesScreenshot=true, javascriptEnabled=true, cssSelectorsEnabled=true}]
Session ID: 8ee94c59-aaf0-450b-9d4d-1057a2228cbb" type="org.openqa.selenium.UnhandledAlertException">org.openqa.selenium.UnhandledAlertException: Unexpected modal dialog (text: Errors were encountered: 
This username is already in use by another user. Please select a different username.
): Errors were encountered: 
This username is already in use by another user. Please select a different username.
Build info: version: &apos;2.53.1&apos;, revision: &apos;a36b8b1cd5757287168e54b817830adce9b0158d&apos;, time: &apos;2016-06-30 19:26:09&apos;
System info: host: &apos;DESKTOP-MUE1MC5&apos;, ip: &apos;192.168.0.7&apos;, os.name: &apos;Windows 10&apos;, os.arch: &apos;amd64&apos;, os.version: &apos;10.0&apos;, java.version: &apos;1.8.0_101&apos;
Driver info: org.openqa.selenium.firefox.FirefoxDriver
Capabilities [{applicationCacheEnabled=true, rotatable=false, handlesAlerts=true, databaseEnabled=true, version=47.0.2, platform=WINDOWS, nativeEvents=false, acceptSslCerts=true, webStorageEnabled=true, locationContextEnabled=true, browserName=firefox, takesScreenshot=true, javascriptEnabled=true, cssSelectorsEnabled=true}]
Session ID: 8ee94c59-aaf0-450b-9d4d-1057a2228cbb
	at sun.reflect.NativeConstructorAccessorImpl.newInstance0(Native Method)
	at sun.reflect.NativeConstructorAccessorImpl.newInstance(NativeConstructorAccessorImpl.java:62)
	at sun.reflect.DelegatingConstructorAccessorImpl.newInstance(DelegatingConstructorAccessorImpl.java:45)
	at java.lang.reflect.Constructor.newInstance(Constructor.java:423)
	at org.openqa.selenium.remote.ErrorHandler.createThrowable(ErrorHandler.java:206)
	at org.openqa.selenium.remote.ErrorHandler.createUnhandledAlertException(ErrorHandler.java:187)
	at org.openqa.selenium.remote.ErrorHandler.throwIfResponseFailed(ErrorHandler.java:154)
	at org.openqa.selenium.remote.RemoteWebDriver.execute(RemoteWebDriver.java:678)
	at org.openqa.selenium.remote.RemoteWebDriver.execute(RemoteWebDriver.java:701)
	at org.openqa.selenium.remote.RemoteWebDriver.close(RemoteWebDriver.java:521)
	at com.qa.tests.SignUpPageTest.tearDown(SignUpPageTest.java:53)
</failure>
    <system-out>08-01-2019 22:44:46 RequestAddCookies.java DEBUG [Forwarding close on session 8ee94c59-aaf0-450b-9d4d-1057a2228cbb to remote] protocol.RequestAddCookies 122 - CookieSpec selected: default
08-01-2019 22:44:46 RequestAuthCache.java DEBUG [Forwarding close on session 8ee94c59-aaf0-450b-9d4d-1057a2228cbb to remote] protocol.RequestAuthCache 76 - Auth cache not set in the context
08-01-2019 22:44:46 PoolingHttpClientConnectionManager.java DEBUG [Forwarding close on session 8ee94c59-aaf0-450b-9d4d-1057a2228cbb to remote] conn.PoolingHttpClientConnectionManager 249 - Connection request: [route: {}-&gt;http://127.0.0.1:7057][total kept alive: 0; route allocated: 0 of 2000; total allocated: 0 of 2000]
08-01-2019 22:44:46 PoolingHttpClientConnectionManager.java DEBUG [Forwarding close on session 8ee94c59-aaf0-450b-9d4d-1057a2228cbb to remote] conn.PoolingHttpClientConnectionManager 282 - Connection leased: [id: 165][route: {}-&gt;http://127.0.0.1:7057][total kept alive: 0; route allocated: 1 of 2000; total allocated: 1 of 2000]
08-01-2019 22:44:46 MainClientExec.java DEBUG [Forwarding close on session 8ee94c59-aaf0-450b-9d4d-1057a2228cbb to remote] execchain.MainClientExec 234 - Opening connection {}-&gt;http://127.0.0.1:7057
08-01-2019 22:44:46 DefaultHttpClientConnectionOperator.java DEBUG [Forwarding close on session 8ee94c59-aaf0-450b-9d4d-1057a2228cbb to remote] conn.DefaultHttpClientConnectionOperator 131 - Connecting to /127.0.0.1:7057
08-01-2019 22:44:46 DefaultHttpClientConnectionOperator.java DEBUG [Forwarding close on session 8ee94c59-aaf0-450b-9d4d-1057a2228cbb to remote] conn.DefaultHttpClientConnectionOperator 138 - Connection established 127.0.0.1:57273&lt;-&gt;127.0.0.1:7057
08-01-2019 22:44:46 LoggingManagedHttpClientConnection.java DEBUG [Forwarding close on session 8ee94c59-aaf0-450b-9d4d-1057a2228cbb to remote] conn.DefaultManagedHttpClientConnection 90 - http-outgoing-165: set socket timeout to 10800000
08-01-2019 22:44:46 MainClientExec.java DEBUG [Forwarding close on session 8ee94c59-aaf0-450b-9d4d-1057a2228cbb to remote] execchain.MainClientExec 255 - Executing request DELETE /hub/session/8ee94c59-aaf0-450b-9d4d-1057a2228cbb/window HTTP/1.1
08-01-2019 22:44:46 MainClientExec.java DEBUG [Forwarding close on session 8ee94c59-aaf0-450b-9d4d-1057a2228cbb to remote] execchain.MainClientExec 260 - Target auth state: UNCHALLENGED
08-01-2019 22:44:46 MainClientExec.java DEBUG [Forwarding close on session 8ee94c59-aaf0-450b-9d4d-1057a2228cbb to remote] execchain.MainClientExec 266 - Proxy auth state: UNCHALLENGED
08-01-2019 22:44:46 LoggingManagedHttpClientConnection.java DEBUG [Forwarding close on session 8ee94c59-aaf0-450b-9d4d-1057a2228cbb to remote] http.headers 135 - http-outgoing-165 &gt;&gt; DELETE /hub/session/8ee94c59-aaf0-450b-9d4d-1057a2228cbb/window HTTP/1.1
08-01-2019 22:44:46 LoggingManagedHttpClientConnection.java DEBUG [Forwarding close on session 8ee94c59-aaf0-450b-9d4d-1057a2228cbb to remote] http.headers 138 - http-outgoing-165 &gt;&gt; Host: 127.0.0.1:7057
08-01-2019 22:44:46 LoggingManagedHttpClientConnection.java DEBUG [Forwarding close on session 8ee94c59-aaf0-450b-9d4d-1057a2228cbb to remote] http.headers 138 - http-outgoing-165 &gt;&gt; Connection: Keep-Alive
08-01-2019 22:44:46 LoggingManagedHttpClientConnection.java DEBUG [Forwarding close on session 8ee94c59-aaf0-450b-9d4d-1057a2228cbb to remote] http.headers 138 - http-outgoing-165 &gt;&gt; User-Agent: Apache-HttpClient/4.5.1 (Java/1.8.0_101)
08-01-2019 22:44:46 LoggingManagedHttpClientConnection.java DEBUG [Forwarding close on session 8ee94c59-aaf0-450b-9d4d-1057a2228cbb to remote] http.headers 138 - http-outgoing-165 &gt;&gt; Accept-Encoding: gzip,deflate
08-01-2019 22:44:46 Wire.java DEBUG [Forwarding close on session 8ee94c59-aaf0-450b-9d4d-1057a2228cbb to remote] http.wire 72 - http-outgoing-165 &gt;&gt; &quot;DELETE /hub/session/8ee94c59-aaf0-450b-9d4d-1057a2228cbb/window HTTP/1.1[\r][\n]&quot;
08-01-2019 22:44:46 Wire.java DEBUG [Forwarding close on session 8ee94c59-aaf0-450b-9d4d-1057a2228cbb to remote] http.wire 72 - http-outgoing-165 &gt;&gt; &quot;Host: 127.0.0.1:7057[\r][\n]&quot;
08-01-2019 22:44:46 Wire.java DEBUG [Forwarding close on session 8ee94c59-aaf0-450b-9d4d-1057a2228cbb to remote] http.wire 72 - http-outgoing-165 &gt;&gt; &quot;Connection: Keep-Alive[\r][\n]&quot;
08-01-2019 22:44:46 Wire.java DEBUG [Forwarding close on session 8ee94c59-aaf0-450b-9d4d-1057a2228cbb to remote] http.wire 72 - http-outgoing-165 &gt;&gt; &quot;User-Agent: Apache-HttpClient/4.5.1 (Java/1.8.0_101)[\r][\n]&quot;
08-01-2019 22:44:46 Wire.java DEBUG [Forwarding close on session 8ee94c59-aaf0-450b-9d4d-1057a2228cbb to remote] http.wire 72 - http-outgoing-165 &gt;&gt; &quot;Accept-Encoding: gzip,deflate[\r][\n]&quot;
08-01-2019 22:44:46 Wire.java DEBUG [Forwarding close on session 8ee94c59-aaf0-450b-9d4d-1057a2228cbb to remote] http.wire 72 - http-outgoing-165 &gt;&gt; &quot;[\r][\n]&quot;
08-01-2019 22:44:46 Wire.java DEBUG [Forwarding close on session 8ee94c59-aaf0-450b-9d4d-1057a2228cbb to remote] http.wire 72 - http-outgoing-165 &lt;&lt; &quot;HTTP/1.1 500 Internal Server Error[\r][\n]&quot;
08-01-2019 22:44:46 Wire.java DEBUG [Forwarding close on session 8ee94c59-aaf0-450b-9d4d-1057a2228cbb to remote] http.wire 72 - http-outgoing-165 &lt;&lt; &quot;content-type: application/json; charset=UTF-8[\r][\n]&quot;
08-01-2019 22:44:46 Wire.java DEBUG [Forwarding close on session 8ee94c59-aaf0-450b-9d4d-1057a2228cbb to remote] http.wire 72 - http-outgoing-165 &lt;&lt; &quot;connection: close[\r][\n]&quot;
08-01-2019 22:44:46 Wire.java DEBUG [Forwarding close on session 8ee94c59-aaf0-450b-9d4d-1057a2228cbb to remote] http.wire 72 - http-outgoing-165 &lt;&lt; &quot;content-length: 5367[\r][\n]&quot;
08-01-2019 22:44:46 Wire.java DEBUG [Forwarding close on session 8ee94c59-aaf0-450b-9d4d-1057a2228cbb to remote] http.wire 72 - http-outgoing-165 &lt;&lt; &quot;server: httpd.js[\r][\n]&quot;
08-01-2019 22:44:46 Wire.java DEBUG [Forwarding close on session 8ee94c59-aaf0-450b-9d4d-1057a2228cbb to remote] http.wire 72 - http-outgoing-165 &lt;&lt; &quot;date: Thu, 01 Aug 2019 17:14:46 GMT[\r][\n]&quot;
08-01-2019 22:44:46 Wire.java DEBUG [Forwarding close on session 8ee94c59-aaf0-450b-9d4d-1057a2228cbb to remote] http.wire 72 - http-outgoing-165 &lt;&lt; &quot;[\r][\n]&quot;
08-01-2019 22:44:46 LoggingManagedHttpClientConnection.java DEBUG [Forwarding close on session 8ee94c59-aaf0-450b-9d4d-1057a2228cbb to remote] http.headers 124 - http-outgoing-165 &lt;&lt; HTTP/1.1 500 Internal Server Error
08-01-2019 22:44:46 LoggingManagedHttpClientConnection.java DEBUG [Forwarding close on session 8ee94c59-aaf0-450b-9d4d-1057a2228cbb to remote] http.headers 127 - http-outgoing-165 &lt;&lt; content-type: application/json; charset=UTF-8
08-01-2019 22:44:46 LoggingManagedHttpClientConnection.java DEBUG [Forwarding close on session 8ee94c59-aaf0-450b-9d4d-1057a2228cbb to remote] http.headers 127 - http-outgoing-165 &lt;&lt; connection: close
08-01-2019 22:44:46 LoggingManagedHttpClientConnection.java DEBUG [Forwarding close on session 8ee94c59-aaf0-450b-9d4d-1057a2228cbb to remote] http.headers 127 - http-outgoing-165 &lt;&lt; content-length: 5367
08-01-2019 22:44:46 LoggingManagedHttpClientConnection.java DEBUG [Forwarding close on session 8ee94c59-aaf0-450b-9d4d-1057a2228cbb to remote] http.headers 127 - http-outgoing-165 &lt;&lt; server: httpd.js
08-01-2019 22:44:46 LoggingManagedHttpClientConnection.java DEBUG [Forwarding close on session 8ee94c59-aaf0-450b-9d4d-1057a2228cbb to remote] http.headers 127 - http-outgoing-165 &lt;&lt; date: Thu, 01 Aug 2019 17:14:46 GMT
08-01-2019 22:44:46 Wire.java DEBUG [Forwarding close on session 8ee94c59-aaf0-450b-9d4d-1057a2228cbb to remote] http.wire 86 - http-outgoing-165 &lt;&lt; &quot;{&quot;name&quot;:&quot;close&quot;,&quot;sessionId&quot;:&quot;8ee94c59-aaf0-450b-9d4d-1057a2228cbb&quot;,&quot;status&quot;:26,&quot;value&quot;:{&quot;message&quot;:&quot;Unexpected modal dialog (text: Errors were encountered: \n\nThis username is already in use by another user. Please select a different username.\n)&quot;,&quot;stackTrace&quot;:[{&quot;methodName&quot;:&quot;fxdriver.modals.closeUnhandledAlert/&lt;&quot;,&quot;fileName&quot;:&quot;file:///C:/Users/nites/AppData/Local/Temp/anonymous1512128663080899646webdriver-profile/extensions/fxdriver@googlecode.com/components/command-processor.js&quot;,&quot;lineNumber&quot;:10085,&quot;columnNumber&quot;:17},{&quot;methodName&quot;:&quot;fxdriver.modals.isModalPresent/&lt;&quot;,&quot;fileName&quot;:&quot;file:///C:/Users/nites/AppData/Local/Temp/anonymous1512128663080899646webdriver-profile/extensions/fxdriver@googlecode.com/components/command-processor.js&quot;,&quot;lineNumber&quot;:9993,&quot;columnNumber&quot;:5},{&quot;methodName&quot;:&quot;fxdriver.Timer.prototype.runWhenTrue/g&quot;,&quot;fileName&quot;:&quot;file:///C:/Users/nites/AppData/Local/Temp/anonymous1512128663080899646webdriver-profile/extensions/fxdriver@googlecode.com/components/command-processor.js&quot;,&quot;lineNumber&quot;:631,&quot;columnNumber&quot;:70},{&quot;methodName&quot;:&quot;fxdriver.Timer.prototype.runWhenTrue&quot;,&quot;fileName&quot;:&quot;file:///C:/Users/nites/AppData/Local/Temp/anonymous1512128663080899646webdriver-profile/extensions/fxdriver@googlecode.com/components/command-processor.js&quot;,&quot;lineNumber&quot;:633,&quot;columnNumber&quot;:3},{&quot;methodName&quot;:&quot;fxdriver.modals.isModalPresent&quot;,&quot;fileName&quot;:&quot;file:///C:/Users/nites/AppData/Local/Temp/anonymous1512128663080899646webdriver-profile/extensions/fxdriver@googlecode.com/components/command-processor.js&quot;,&quot;lineNumber&quot;:9989,&quot;columnNumber&quot;:3},{&quot;methodName&quot;:&quot;fxdriver.modals.closeUnhandledAlert&quot;,&quot;fileName&quot;:&quot;file:///C:/Users/nites/AppData/Local/Temp/anonymous1512128663080899646webdriver-profile/extensions/fxdriver@googlecode.com/components/command-processor.js&quot;,&quot;lineNumber&quot;:10074,&quot;columnNumber&quot;:3},{&quot;methodName&quot;:&quot;nsCommandProcessor.prototype.execute&quot;,&quot;fileName&quot;:&quot;file:///C:/Users/nites/AppData/Local/Temp/anonymous1512128663080899646webdriver-profile/extensions/fxdriver@googlecode.com/components/command-processor.js&quot;,&quot;lineNumber&quot;:12731,&quot;columnNumber&quot;:15},{&quot;methodName&quot;:&quot;Dispatcher.executeAs/&lt;&quot;,&quot;fileName&quot;:&quot;file:///C:/Users/nites/AppData/Local/Temp/anonymous1512128663080899646webdriver-profile/extensions/fxdriver@googlecode.com/components/driver-component.js&quot;,&quot;lineNumber&quot;:9558,&quot;columnNumber&quot;:5},{&quot;methodName&quot;:&quot;Resource.prototype.handle&quot;,&quot;fileName&quot;:&quot;file:///C:/Users/nites/AppData/Local/Temp/anonymous1512128663080899646webdriver-profile/extensions/fxdriver@googlecode.com/components/driver-component.js&quot;,&quot;lineNumber&quot;:9705,&quot;columnNumber&quot;:255},{&quot;methodName&quot;:&quot;Dispatcher.prototype.dispatch&quot;,&quot;fileName&quot;:&quot;file:///C:/Users/nites/AppData/Local/Temp/anonymous1512128663080899646webdriver-profile/extensions/fxdriver@googlecode.com/components/driver-component.js&quot;,&quot;lineNumber&quot;:9652,&quot;columnNumber&quot;:36},{&quot;methodName&quot;:&quot;WebDriverServer/&lt;.handle&quot;,&quot;fileName&quot;:&quot;file:///C:/Users/nites/AppData/Local/Temp/anonymous1512128663080899646webdriver-profile/extensions/fxdriver@googlecode.com/components/driver-component.js&quot;,&quot;lineNumber&quot;:12517,&quot;columnNumber&quot;:5},{&quot;methodName&quot;:&quot;createHandlerFunc/&lt;&quot;,&quot;fileName&quot;:&quot;file:///C:/Users/nites/AppData/Local/Temp/anonymous1512128663080899646webdriver-profile/extensions/fxdriver@googlecode.com/components/httpd.js&quot;,&quot;lineNumber&quot;:2054,&quot;columnNumber&quot;:41},{&quot;methodName&quot;:&quot;ServerHandler.prototype.handleResponse&quot;,&quot;fileName&quot;:&quot;file:///C:/Users/nites/AppData/Local/Temp/anonymous1512128663080899646webdriver-profile/extensions/fxdriver@googlecode.com/components/httpd.js&quot;,&quot;lineNumber&quot;:2387,&quot;columnNumber&quot;:13},{&quot;methodName&quot;:&quot;Connection.prototype.process&quot;,&quot;fileName&quot;:&quot;file:///C:/Users/nites/AppData/Local/Temp/anonymous1512128663080899646webdriver-profile/extensions/fxdriver@googlecode.com/components/httpd.js&quot;,&quot;lineNumber&quot;:1223,&quot;columnNumber&quot;:5},{&quot;methodName&quot;:&quot;RequestReader.prototype._handleResponse&quot;,&quot;fileName&quot;:&quot;file:///C:/Users/nites/AppData/Local/Temp/anonymous1512128663080899646webdriver-profile/extensions/fxdriver@googlecode.com/components/httpd.js&quot;,&quot;lineNumber&quot;:1677,&quot;columnNumber&quot;:5},{&quot;methodName&quot;:&quot;RequestReader.prototype._processBody&quot;,&quot;fileName&quot;:&quot;file:///C:/Users/nites/AppDa&quot;
08-01-2019 22:44:46 Wire.java DEBUG [Forwarding close on session 8ee94c59-aaf0-450b-9d4d-1057a2228cbb to remote] http.wire 86 - http-outgoing-165 &lt;&lt; &quot;ta/Local/Temp/anonymous1512128663080899646webdriver-profile/extensions/fxdriver@googlecode.com/components/httpd.js&quot;,&quot;lineNumber&quot;:1525,&quot;columnNumber&quot;:9},{&quot;methodName&quot;:&quot;RequestReader.prototype.onInputStreamReady&quot;,&quot;fileName&quot;:&quot;file:///C:/Users/nites/AppData/Local/Temp/anonymous1512128663080899646webdriver-profile/extensions/fxdriver@googlecode.com/components/httpd.js&quot;,&quot;lineNumber&quot;:1393,&quot;columnNumber&quot;:9},{&quot;methodName&quot;:&quot;openModalWindow&quot;,&quot;fileName&quot;:&quot;resource://gre/components/nsPrompter.js&quot;,&quot;lineNumber&quot;:360,&quot;columnNumber&quot;:5},{&quot;methodName&quot;:&quot;ModalPrompter.prototype.openPrompt&quot;,&quot;fileName&quot;:&quot;resource://gre/components/nsPrompter.js&quot;,&quot;lineNumber&quot;:550,&quot;columnNumber&quot;:9},{&quot;methodName&quot;:&quot;ModalPrompter.prototype.alert&quot;,&quot;fileName&quot;:&quot;resource://gre/components/nsPrompter.js&quot;,&quot;lineNumber&quot;:602,&quot;columnNumber&quot;:9},{&quot;methodName&quot;:&quot;ObservingAlert.prototype.alert&quot;,&quot;fileName&quot;:&quot;file:///C:/Users/nites/AppData/Local/Temp/anonymous1512128663080899646webdriver-profile/extensions/fxdriver@googlecode.com/components/prompt-service.js&quot;,&quot;lineNumber&quot;:4745,&quot;columnNumber&quot;:3},{&quot;fileName&quot;:&quot;https://classic.crmpro.com/register/?m=F&quot;,&quot;lineNumber&quot;:250,&quot;columnNumber&quot;:2}],&quot;alert&quot;:{&quot;text&quot;:&quot;Errors were encountered: \n\nThis username is already in use by another user. Please select a different username.\n&quot;}}}&quot;
08-01-2019 22:44:46 LoggingManagedHttpClientConnection.java DEBUG [Forwarding close on session 8ee94c59-aaf0-450b-9d4d-1057a2228cbb to remote] conn.DefaultManagedHttpClientConnection 81 - http-outgoing-165: Close connection
08-01-2019 22:44:46 ConnectionHolder.java DEBUG [Forwarding close on session 8ee94c59-aaf0-450b-9d4d-1057a2228cbb to remote] execchain.MainClientExec 103 - Connection discarded
08-01-2019 22:44:46 PoolingHttpClientConnectionManager.java DEBUG [Forwarding close on session 8ee94c59-aaf0-450b-9d4d-1057a2228cbb to remote] conn.PoolingHttpClientConnectionManager 320 - Connection released: [id: 165][route: {}-&gt;http://127.0.0.1:7057][total kept alive: 0; route allocated: 0 of 2000; total allocated: 0 of 2000]
</system-out>
  </testcase>
</testsuite>