<?xml version="1.0" encoding="UTF-8" ?>
<testsuite tests="17" failures="3" name="TestSuite" time="460.548" errors="0" skipped="2">
  <properties>
[...]
</properties>
  <testcase classname="com.qa.tests.CompanyAndProfileDetailsPageTest" name="verifyCompanyAndProfileDetailsEnteredTest" time="1.613">
    <failure message="Unexpected modal dialog (text: Errors were encountered: 

This username is already in use by another user. Please select a different username.
): Errors were encountered: 

This username is already in use by another user. Please select a different username.

Build info: version: &apos;2.53.1&apos;, revision: &apos;a36b8b1cd5757287168e54b817830adce9b0158d&apos;, time: &apos;2016-06-30 19:26:09&apos;
System info: host: &apos;DESKTOP-MUE1MC5&apos;, ip: &apos;192.168.0.7&apos;, os.name: &apos;Windows 10&apos;, os.arch: &apos;amd64&apos;, os.version: &apos;10.0&apos;, java.version: &apos;1.8.0_101&apos;
Driver info: org.openqa.selenium.firefox.FirefoxDriver
Capabilities [{applicationCacheEnabled=true, rotatable=false, handlesAlerts=true, databaseEnabled=true, version=47.0.2, platform=WINDOWS, nativeEvents=false, acceptSslCerts=true, webStorageEnabled=true, locationContextEnabled=true, browserName=firefox, takesScreenshot=true, javascriptEnabled=true, cssSelectorsEnabled=true}]
Session ID: a7a216fa-3083-40d7-948b-dc49099140e7
*** Element info: {Using=xpath, value=//input[@name=&apos;company_name&apos;]}" type="org.openqa.selenium.UnhandledAlertException">org.openqa.selenium.UnhandledAlertException: Unexpected modal dialog (text: Errors were encountered: 
This username is already in use by another user. Please select a different username.
): Errors were encountered: 
This username is already in use by another user. Please select a different username.
Build info: version: &apos;2.53.1&apos;, revision: &apos;a36b8b1cd5757287168e54b817830adce9b0158d&apos;, time: &apos;2016-06-30 19:26:09&apos;
System info: host: &apos;DESKTOP-MUE1MC5&apos;, ip: &apos;192.168.0.7&apos;, os.name: &apos;Windows 10&apos;, os.arch: &apos;amd64&apos;, os.version: &apos;10.0&apos;, java.version: &apos;1.8.0_101&apos;
Driver info: org.openqa.selenium.firefox.FirefoxDriver
Capabilities [{applicationCacheEnabled=true, rotatable=false, handlesAlerts=true, databaseEnabled=true, version=47.0.2, platform=WINDOWS, nativeEvents=false, acceptSslCerts=true, webStorageEnabled=true, locationContextEnabled=true, browserName=firefox, takesScreenshot=true, javascriptEnabled=true, cssSelectorsEnabled=true}]
Session ID: a7a216fa-3083-40d7-948b-dc49099140e7
*** Element info: {Using=xpath, value=//input[@name=&apos;company_name&apos;]}
	at sun.reflect.NativeConstructorAccessorImpl.newInstance0(Native Method)
	at sun.reflect.NativeConstructorAccessorImpl.newInstance(Unknown Source)
	at sun.reflect.DelegatingConstructorAccessorImpl.newInstance(Unknown Source)
	at java.lang.reflect.Constructor.newInstance(Unknown Source)
	at org.openqa.selenium.remote.ErrorHandler.createThrowable(ErrorHandler.java:206)
	at org.openqa.selenium.remote.ErrorHandler.createUnhandledAlertException(ErrorHandler.java:187)
	at org.openqa.selenium.remote.ErrorHandler.throwIfResponseFailed(ErrorHandler.java:154)
	at org.openqa.selenium.remote.RemoteWebDriver.execute(RemoteWebDriver.java:678)
	at org.openqa.selenium.remote.RemoteWebDriver.findElement(RemoteWebDriver.java:363)
	at org.openqa.selenium.remote.RemoteWebDriver.findElementByXPath(RemoteWebDriver.java:500)
	at org.openqa.selenium.By$ByXPath.findElement(By.java:361)
	at org.openqa.selenium.remote.RemoteWebDriver.findElement(RemoteWebDriver.java:355)
	at sun.reflect.GeneratedMethodAccessor3.invoke(Unknown Source)
	at sun.reflect.DelegatingMethodAccessorImpl.invoke(Unknown Source)
	at java.lang.reflect.Method.invoke(Unknown Source)
	at org.openqa.selenium.support.events.EventFiringWebDriver$2.invoke(EventFiringWebDriver.java:103)
	at com.sun.proxy.$Proxy6.findElement(Unknown Source)
	at org.openqa.selenium.support.events.EventFiringWebDriver.findElement(EventFiringWebDriver.java:188)
	at org.openqa.selenium.support.pagefactory.DefaultElementLocator.findElement(DefaultElementLocator.java:69)
	at org.openqa.selenium.support.pagefactory.internal.LocatingElementHandler.invoke(LocatingElementHandler.java:38)
	at com.sun.proxy.$Proxy8.sendKeys(Unknown Source)
	at com.qa.pages.CompanyAndProfileDetailsPage.verifyProfileDataSubmit(CompanyAndProfileDetailsPage.java:48)
	at com.qa.tests.CompanyAndProfileDetailsPageTest.verifyCompanyAndProfileDetailsEnteredTest(CompanyAndProfileDetailsPageTest.java:34)
</failure>
    <system-out>Configuring TestNG with: org.apache.maven.surefire.testng.conf.TestNG652Configurator@136432db
Before Navigating to : &apos;https://classic.crmpro.com&apos;
Navigated to: &apos;https://classic.crmpro.com&apos;
Trying to find element By : By.xpath: signUpButton
Trying to find element By : By.xpath: //a[contains(text(),&apos;Sign Up&apos;)]
Element Found By :By.xpath: //a[contains(text(),&apos;Sign Up&apos;)]
Trying to click on Element : [[FirefoxDriver: firefox on WINDOWS (a7a216fa-3083-40d7-948b-dc49099140e7)] -&gt; xpath: //a[contains(text(),&apos;Sign Up&apos;)]]
Clicked on :[[FirefoxDriver: firefox on WINDOWS (a7a216fa-3083-40d7-948b-dc49099140e7)] -&gt; xpath: //a[contains(text(),&apos;Sign Up&apos;)]]
signButton clicked
Trying to find element By : By.xpath: paymentPlan
Trying to find element By : By.name: payment_plan_id
Element Found By :By.name: payment_plan_id
Trying to click on Element : [[FirefoxDriver: firefox on WINDOWS (a7a216fa-3083-40d7-948b-dc49099140e7)] -&gt; name: payment_plan_id]
Clicked on :[[FirefoxDriver: firefox on WINDOWS (a7a216fa-3083-40d7-948b-dc49099140e7)] -&gt; name: payment_plan_id]
Drop down clicked
Trying to find element By : By.name: payment_plan_id
Element Found By :By.name: payment_plan_id
Trying to find element By : By.name: payment_plan_id
Element Found By :By.name: payment_plan_id
Trying to find element By : By.name: payment_plan_id
Element Found By :By.name: payment_plan_id
Trying to find element By : By.xpath: .//option[normalize-space(.) = &quot;Free Edition&quot;]
Element Found By :By.xpath: .//option[normalize-space(.) = &quot;Free Edition&quot;]
Trying to click on Element : [[[[FirefoxDriver: firefox on WINDOWS (a7a216fa-3083-40d7-948b-dc49099140e7)] -&gt; name: payment_plan_id]] -&gt; xpath: .//option[normalize-space(.) = &quot;Free Edition&quot;]]
Clicked on :[[[[FirefoxDriver: firefox on WINDOWS (a7a216fa-3083-40d7-948b-dc49099140e7)] -&gt; name: payment_plan_id]] -&gt; xpath: .//option[normalize-space(.) = &quot;Free Edition&quot;]]
Value selected
Trying to find element By : By.xpath: //input[@name=&apos;first_name&apos;]
Element Found By :By.xpath: //input[@name=&apos;first_name&apos;]
Value of Element :[[FirefoxDriver: firefox on WINDOWS (a7a216fa-3083-40d7-948b-dc49099140e7)] -&gt; xpath: //input[@name=&apos;first_name&apos;]] before any changes made
Value of element with changes:[[FirefoxDriver: firefox on WINDOWS (a7a216fa-3083-40d7-948b-dc49099140e7)] -&gt; xpath: //input[@name=&apos;first_name&apos;]]
Trying to find element By : By.xpath: //input[@name=&apos;surname&apos;]
Element Found By :By.xpath: //input[@name=&apos;surname&apos;]
Value of Element :[[FirefoxDriver: firefox on WINDOWS (a7a216fa-3083-40d7-948b-dc49099140e7)] -&gt; xpath: //input[@name=&apos;surname&apos;]] before any changes made
Value of element with changes:[[FirefoxDriver: firefox on WINDOWS (a7a216fa-3083-40d7-948b-dc49099140e7)] -&gt; xpath: //input[@name=&apos;surname&apos;]]
Trying to find element By : By.name: email
Element Found By :By.name: email
Value of Element :[[FirefoxDriver: firefox on WINDOWS (a7a216fa-3083-40d7-948b-dc49099140e7)] -&gt; name: email] before any changes made
Value of element with changes:[[FirefoxDriver: firefox on WINDOWS (a7a216fa-3083-40d7-948b-dc49099140e7)] -&gt; name: email]
Trying to find element By : By.xpath: //input[@name=&apos;email_confirm&apos;]
Element Found By :By.xpath: //input[@name=&apos;email_confirm&apos;]
Value of Element :[[FirefoxDriver: firefox on WINDOWS (a7a216fa-3083-40d7-948b-dc49099140e7)] -&gt; xpath: //input[@name=&apos;email_confirm&apos;]] before any changes made
Value of element with changes:[[FirefoxDriver: firefox on WINDOWS (a7a216fa-3083-40d7-948b-dc49099140e7)] -&gt; xpath: //input[@name=&apos;email_confirm&apos;]]
Trying to find element By : By.xpath: //input[@name=&apos;username&apos;]
Element Found By :By.xpath: //input[@name=&apos;username&apos;]
Value of Element :[[FirefoxDriver: firefox on WINDOWS (a7a216fa-3083-40d7-948b-dc49099140e7)] -&gt; xpath: //input[@name=&apos;username&apos;]] before any changes made
Value of element with changes:[[FirefoxDriver: firefox on WINDOWS (a7a216fa-3083-40d7-948b-dc49099140e7)] -&gt; xpath: //input[@name=&apos;username&apos;]]
Trying to find element By : By.xpath: //input[@name=&apos;password&apos;]
Element Found By :By.xpath: //input[@name=&apos;password&apos;]
Value of Element :[[FirefoxDriver: firefox on WINDOWS (a7a216fa-3083-40d7-948b-dc49099140e7)] -&gt; xpath: //input[@name=&apos;password&apos;]] before any changes made
Value of element with changes:[[FirefoxDriver: firefox on WINDOWS (a7a216fa-3083-40d7-948b-dc49099140e7)] -&gt; xpath: //input[@name=&apos;password&apos;]]
Trying to find element By : By.xpath: //input[@name=&apos;passwordconfirm&apos;]
Element Found By :By.xpath: //input[@name=&apos;passwordconfirm&apos;]
Value of Element :[[FirefoxDriver: firefox on WINDOWS (a7a216fa-3083-40d7-948b-dc49099140e7)] -&gt; xpath: //input[@name=&apos;passwordconfirm&apos;]] before any changes made
Value of element with changes:[[FirefoxDriver: firefox on WINDOWS (a7a216fa-3083-40d7-948b-dc49099140e7)] -&gt; xpath: //input[@name=&apos;passwordconfirm&apos;]]
Trying to find element By : By.xpath: //input[@name=&apos;agreeTerms&apos;]
Element Found By :By.xpath: //input[@name=&apos;agreeTerms&apos;]
Trying to click on Element : [[FirefoxDriver: firefox on WINDOWS (a7a216fa-3083-40d7-948b-dc49099140e7)] -&gt; xpath: //input[@name=&apos;agreeTerms&apos;]]
Clicked on :[[FirefoxDriver: firefox on WINDOWS (a7a216fa-3083-40d7-948b-dc49099140e7)] -&gt; xpath: //input[@name=&apos;agreeTerms&apos;]]
Trying to find element By : By.xpath: //button[@name=&apos;submitButton&apos;]
Element Found By :By.xpath: //button[@name=&apos;submitButton&apos;]
Trying to click on Element : [[FirefoxDriver: firefox on WINDOWS (a7a216fa-3083-40d7-948b-dc49099140e7)] -&gt; xpath: //button[@name=&apos;submitButton&apos;]]
Clicked on :[[FirefoxDriver: firefox on WINDOWS (a7a216fa-3083-40d7-948b-dc49099140e7)] -&gt; xpath: //button[@name=&apos;submitButton&apos;]]
Trying to find element By : By.xpath: //input[@name=&apos;company_name&apos;]
</system-out>
    <system-err>log4j:WARN No appenders could be found for logger (org.apache.http.client.protocol.RequestAddCookies).
log4j:WARN Please initialize the log4j system properly.
log4j:WARN See http://logging.apache.org/log4j/1.2/faq.html#noconfig for more info.
java.io.IOException: Source &apos;C:\Users\nites\AppData\Local\Temp\screenshot8159083506450476942.png&apos; exists but is not a directory
	at org.apache.commons.io.FileUtils.copyDirectory(FileUtils.java:1371)
	at org.apache.commons.io.FileUtils.copyDirectory(FileUtils.java:1261)
	at org.apache.commons.io.FileUtils.copyDirectory(FileUtils.java:1230)
	at com.qa.base.TestBase.takesScreenShots(TestBase.java:78)
	at com.qa.util.WebEventListener.onException(WebEventListener.java:98)
	at sun.reflect.NativeMethodAccessorImpl.invoke0(Native Method)
	at sun.reflect.NativeMethodAccessorImpl.invoke(Unknown Source)
	at sun.reflect.DelegatingMethodAccessorImpl.invoke(Unknown Source)
	at java.lang.reflect.Method.invoke(Unknown Source)
	at org.openqa.selenium.support.events.EventFiringWebDriver$1.invoke(EventFiringWebDriver.java:80)
	at com.sun.proxy.$Proxy5.onException(Unknown Source)
	at org.openqa.selenium.support.events.EventFiringWebDriver$2.invoke(EventFiringWebDriver.java:105)
	at com.sun.proxy.$Proxy6.findElement(Unknown Source)
	at org.openqa.selenium.support.events.EventFiringWebDriver.findElement(EventFiringWebDriver.java:188)
	at org.openqa.selenium.support.ui.ExpectedConditions.findElement(ExpectedConditions.java:899)
	at org.openqa.selenium.support.ui.ExpectedConditions.access$000(ExpectedConditions.java:41)
	at org.openqa.selenium.support.ui.ExpectedConditions$20.apply(ExpectedConditions.java:584)
	at org.openqa.selenium.support.ui.ExpectedConditions$20.apply(ExpectedConditions.java:580)
	at org.openqa.selenium.support.ui.FluentWait.until(FluentWait.java:238)
	at com.qa.pages.SignUpPage.crmSingUp(SignUpPage.java:63)
	at com.qa.tests.CompanyAndProfileDetailsPageTest.setUp(CompanyAndProfileDetailsPageTest.java:27)
	at sun.reflect.NativeMethodAccessorImpl.invoke0(Native Method)
	at sun.reflect.NativeMethodAccessorImpl.invoke(Unknown Source)
	at sun.reflect.DelegatingMethodAccessorImpl.invoke(Unknown Source)
	at java.lang.reflect.Method.invoke(Unknown Source)
	at org.testng.internal.MethodInvocationHelper.invokeMethod(MethodInvocationHelper.java:124)
	at org.testng.internal.MethodInvocationHelper.invokeMethodConsideringTimeout(MethodInvocationHelper.java:59)
	at org.testng.internal.Invoker.invokeConfigurationMethod(Invoker.java:458)
	at org.testng.internal.Invoker.invokeConfigurations(Invoker.java:222)
	at org.testng.internal.Invoker.invokeMethod(Invoker.java:523)
	at org.testng.internal.Invoker.invokeTestMethod(Invoker.java:719)
	at org.testng.internal.Invoker.invokeTestMethods(Invoker.java:989)
	at org.testng.internal.TestMethodWorker.invokeTestMethods(TestMethodWorker.java:125)
	at org.testng.internal.TestMethodWorker.run(TestMethodWorker.java:109)
	at org.testng.TestRunner.privateRun(TestRunner.java:648)
	at org.testng.TestRunner.run(TestRunner.java:505)
	at org.testng.SuiteRunner.runTest(SuiteRunner.java:455)
	at org.testng.SuiteRunner.runSequentially(SuiteRunner.java:450)
	at org.testng.SuiteRunner.privateRun(SuiteRunner.java:415)
	at org.testng.SuiteRunner.run(SuiteRunner.java:364)
	at org.testng.SuiteRunnerWorker.runSuite(SuiteRunnerWorker.java:52)
	at org.testng.SuiteRunnerWorker.run(SuiteRunnerWorker.java:84)
	at org.testng.TestNG.runSuitesSequentially(TestNG.java:1208)
	at org.testng.TestNG.runSuitesLocally(TestNG.java:1137)
	at org.testng.TestNG.runSuites(TestNG.java:1049)
	at org.testng.TestNG.run(TestNG.java:1017)
	at org.apache.maven.surefire.testng.TestNGExecutor.run(TestNGExecutor.java:77)
	at org.apache.maven.surefire.testng.TestNGDirectoryTestSuite.executeMulti(TestNGDirectoryTestSuite.java:159)
	at org.apache.maven.surefire.testng.TestNGDirectoryTestSuite.execute(TestNGDirectoryTestSuite.java:99)
	at org.apache.maven.surefire.testng.TestNGProvider.invoke(TestNGProvider.java:106)
	at sun.reflect.NativeMethodAccessorImpl.invoke0(Native Method)
	at sun.reflect.NativeMethodAccessorImpl.invoke(Unknown Source)
	at sun.reflect.DelegatingMethodAccessorImpl.invoke(Unknown Source)
	at java.lang.reflect.Method.invoke(Unknown Source)
	at org.apache.maven.surefire.util.ReflectionUtils.invokeMethodWithArray(ReflectionUtils.java:189)
	at org.apache.maven.surefire.booter.ProviderFactory$ProviderProxy.invoke(ProviderFactory.java:165)
	at org.apache.maven.surefire.booter.ProviderFactory.invokeProvider(ProviderFactory.java:85)
	at org.apache.maven.surefire.booter.ForkedBooter.runSuitesInProcess(ForkedBooter.java:115)
	at org.apache.maven.surefire.booter.ForkedBooter.main(ForkedBooter.java:75)
java.io.IOException: Source &apos;C:\Users\nites\AppData\Local\Temp\screenshot1060190875505349190.png&apos; exists but is not a directory
	at org.apache.commons.io.FileUtils.copyDirectory(FileUtils.java:1371)
	at org.apache.commons.io.FileUtils.copyDirectory(FileUtils.java:1261)
	at org.apache.commons.io.FileUtils.copyDirectory(FileUtils.java:1230)
	at com.qa.base.TestBase.takesScreenShots(TestBase.java:78)
	at com.qa.util.WebEventListener.onException(WebEventListener.java:98)
	at sun.reflect.NativeMethodAccessorImpl.invoke0(Native Method)
	at sun.reflect.NativeMethodAccessorImpl.invoke(Unknown Source)
	at sun.reflect.DelegatingMethodAccessorImpl.invoke(Unknown Source)
	at java.lang.reflect.Method.invoke(Unknown Source)
	at org.openqa.selenium.support.events.EventFiringWebDriver$1.invoke(EventFiringWebDriver.java:80)
	at com.sun.proxy.$Proxy5.onException(Unknown Source)
	at org.openqa.selenium.support.events.EventFiringWebDriver$2.invoke(EventFiringWebDriver.java:105)
	at com.sun.proxy.$Proxy6.findElement(Unknown Source)
	at org.openqa.selenium.support.events.EventFiringWebDriver.findElement(EventFiringWebDriver.java:188)
	at org.openqa.selenium.support.ui.ExpectedConditions.findElement(ExpectedConditions.java:899)
	at org.openqa.selenium.support.ui.ExpectedConditions.access$000(ExpectedConditions.java:41)
	at org.openqa.selenium.support.ui.ExpectedConditions$20.apply(ExpectedConditions.java:584)
	at org.openqa.selenium.support.ui.ExpectedConditions$20.apply(ExpectedConditions.java:580)
	at org.openqa.selenium.support.ui.FluentWait.until(FluentWait.java:238)
	at com.qa.pages.SignUpPage.crmSingUp(SignUpPage.java:67)
	at com.qa.tests.CompanyAndProfileDetailsPageTest.setUp(CompanyAndProfileDetailsPageTest.java:27)
	at sun.reflect.NativeMethodAccessorImpl.invoke0(Native Method)
	at sun.reflect.NativeMethodAccessorImpl.invoke(Unknown Source)
	at sun.reflect.DelegatingMethodAccessorImpl.invoke(Unknown Source)
	at java.lang.reflect.Method.invoke(Unknown Source)
	at org.testng.internal.MethodInvocationHelper.invokeMethod(MethodInvocationHelper.java:124)
	at org.testng.internal.MethodInvocationHelper.invokeMethodConsideringTimeout(MethodInvocationHelper.java:59)
	at org.testng.internal.Invoker.invokeConfigurationMethod(Invoker.java:458)
	at org.testng.internal.Invoker.invokeConfigurations(Invoker.java:222)
	at org.testng.internal.Invoker.invokeMethod(Invoker.java:523)
	at org.testng.internal.Invoker.invokeTestMethod(Invoker.java:719)
	at org.testng.internal.Invoker.invokeTestMethods(Invoker.java:989)
	at org.testng.internal.TestMethodWorker.invokeTestMethods(TestMethodWorker.java:125)
	at org.testng.internal.TestMethodWorker.run(TestMethodWorker.java:109)
	at org.testng.TestRunner.privateRun(TestRunner.java:648)
	at org.testng.TestRunner.run(TestRunner.java:505)
	at org.testng.SuiteRunner.runTest(SuiteRunner.java:455)
	at org.testng.SuiteRunner.runSequentially(SuiteRunner.java:450)
	at org.testng.SuiteRunner.privateRun(SuiteRunner.java:415)
	at org.testng.SuiteRunner.run(SuiteRunner.java:364)
	at org.testng.SuiteRunnerWorker.runSuite(SuiteRunnerWorker.java:52)
	at org.testng.SuiteRunnerWorker.run(SuiteRunnerWorker.java:84)
	at org.testng.TestNG.runSuitesSequentially(TestNG.java:1208)
	at org.testng.TestNG.runSuitesLocally(TestNG.java:1137)
	at org.testng.TestNG.runSuites(TestNG.java:1049)
	at org.testng.TestNG.run(TestNG.java:1017)
	at org.apache.maven.surefire.testng.TestNGExecutor.run(TestNGExecutor.java:77)
	at org.apache.maven.surefire.testng.TestNGDirectoryTestSuite.executeMulti(TestNGDirectoryTestSuite.java:159)
	at org.apache.maven.surefire.testng.TestNGDirectoryTestSuite.execute(TestNGDirectoryTestSuite.java:99)
	at org.apache.maven.surefire.testng.TestNGProvider.invoke(TestNGProvider.java:106)
	at sun.reflect.NativeMethodAccessorImpl.invoke0(Native Method)
	at sun.reflect.NativeMethodAccessorImpl.invoke(Unknown Source)
	at sun.reflect.DelegatingMethodAccessorImpl.invoke(Unknown Source)
	at java.lang.reflect.Method.invoke(Unknown Source)
	at org.apache.maven.surefire.util.ReflectionUtils.invokeMethodWithArray(ReflectionUtils.java:189)
	at org.apache.maven.surefire.booter.ProviderFactory$ProviderProxy.invoke(ProviderFactory.java:165)
	at org.apache.maven.surefire.booter.ProviderFactory.invokeProvider(ProviderFactory.java:85)
	at org.apache.maven.surefire.booter.ForkedBooter.runSuitesInProcess(ForkedBooter.java:115)
	at org.apache.maven.surefire.booter.ForkedBooter.main(ForkedBooter.java:75)
java.io.IOException: Source &apos;C:\Users\nites\AppData\Local\Temp\screenshot4172219517543852120.png&apos; exists but is not a directory
	at org.apache.commons.io.FileUtils.copyDirectory(FileUtils.java:1371)
	at org.apache.commons.io.FileUtils.copyDirectory(FileUtils.java:1261)
	at org.apache.commons.io.FileUtils.copyDirectory(FileUtils.java:1230)
	at com.qa.base.TestBase.takesScreenShots(TestBase.java:78)
	at com.qa.util.WebEventListener.onException(WebEventListener.java:98)
	at sun.reflect.NativeMethodAccessorImpl.invoke0(Native Method)
	at sun.reflect.NativeMethodAccessorImpl.invoke(Unknown Source)
	at sun.reflect.DelegatingMethodAccessorImpl.invoke(Unknown Source)
	at java.lang.reflect.Method.invoke(Unknown Source)
	at org.openqa.selenium.support.events.EventFiringWebDriver$1.invoke(EventFiringWebDriver.java:80)
	at com.sun.proxy.$Proxy5.onException(Unknown Source)
	at org.openqa.selenium.support.events.EventFiringWebDriver$2.invoke(EventFiringWebDriver.java:105)
	at com.sun.proxy.$Proxy6.findElement(Unknown Source)
	at org.openqa.selenium.support.events.EventFiringWebDriver.findElement(EventFiringWebDriver.java:188)
	at org.openqa.selenium.support.pagefactory.DefaultElementLocator.findElement(DefaultElementLocator.java:69)
	at org.openqa.selenium.support.pagefactory.internal.LocatingElementHandler.invoke(LocatingElementHandler.java:38)
	at com.sun.proxy.$Proxy8.sendKeys(Unknown Source)
	at com.qa.pages.CompanyAndProfileDetailsPage.verifyProfileDataSubmit(CompanyAndProfileDetailsPage.java:48)
	at com.qa.tests.CompanyAndProfileDetailsPageTest.verifyCompanyAndProfileDetailsEnteredTest(CompanyAndProfileDetailsPageTest.java:34)
	at sun.reflect.NativeMethodAccessorImpl.invoke0(Native Method)
	at sun.reflect.NativeMethodAccessorImpl.invoke(Unknown Source)
	at sun.reflect.DelegatingMethodAccessorImpl.invoke(Unknown Source)
	at java.lang.reflect.Method.invoke(Unknown Source)
	at org.testng.internal.MethodInvocationHelper.invokeMethod(MethodInvocationHelper.java:124)
	at org.testng.internal.Invoker.invokeMethod(Invoker.java:583)
	at org.testng.internal.Invoker.invokeTestMethod(Invoker.java:719)
	at org.testng.internal.Invoker.invokeTestMethods(Invoker.java:989)
	at org.testng.internal.TestMethodWorker.invokeTestMethods(TestMethodWorker.java:125)
	at org.testng.internal.TestMethodWorker.run(TestMethodWorker.java:109)
	at org.testng.TestRunner.privateRun(TestRunner.java:648)
	at org.testng.TestRunner.run(TestRunner.java:505)
	at org.testng.SuiteRunner.runTest(SuiteRunner.java:455)
	at org.testng.SuiteRunner.runSequentially(SuiteRunner.java:450)
	at org.testng.SuiteRunner.privateRun(SuiteRunner.java:415)
	at org.testng.SuiteRunner.run(SuiteRunner.java:364)
	at org.testng.SuiteRunnerWorker.runSuite(SuiteRunnerWorker.java:52)
	at org.testng.SuiteRunnerWorker.run(SuiteRunnerWorker.java:84)
	at org.testng.TestNG.runSuitesSequentially(TestNG.java:1208)
	at org.testng.TestNG.runSuitesLocally(TestNG.java:1137)
	at org.testng.TestNG.runSuites(TestNG.java:1049)
	at org.testng.TestNG.run(TestNG.java:1017)
	at org.apache.maven.surefire.testng.TestNGExecutor.run(TestNGExecutor.java:77)
	at org.apache.maven.surefire.testng.TestNGDirectoryTestSuite.executeMulti(TestNGDirectoryTestSuite.java:159)
	at org.apache.maven.surefire.testng.TestNGDirectoryTestSuite.execute(TestNGDirectoryTestSuite.java:99)
	at org.apache.maven.surefire.testng.TestNGProvider.invoke(TestNGProvider.java:106)
	at sun.reflect.NativeMethodAccessorImpl.invoke0(Native Method)
	at sun.reflect.NativeMethodAccessorImpl.invoke(Unknown Source)
	at sun.reflect.DelegatingMethodAccessorImpl.invoke(Unknown Source)
	at java.lang.reflect.Method.invoke(Unknown Source)
	at org.apache.maven.surefire.util.ReflectionUtils.invokeMethodWithArray(ReflectionUtils.java:189)
	at org.apache.maven.surefire.booter.ProviderFactory$ProviderProxy.invoke(ProviderFactory.java:165)
	at org.apache.maven.surefire.booter.ProviderFactory.invokeProvider(ProviderFactory.java:85)
	at org.apache.maven.surefire.booter.ForkedBooter.runSuitesInProcess(ForkedBooter.java:115)
	at org.apache.maven.surefire.booter.ForkedBooter.main(ForkedBooter.java:75)
</system-err>
  </testcase>
  <testcase classname="com.qa.tests.ConfirmRegistrationTest" name="setUp" time="74.975">
    <failure message="Unexpected modal dialog (text: Errors were encountered: 

This username is already in use by another user. Please select a different username.
): Errors were encountered: 

This username is already in use by another user. Please select a different username.

Build info: version: &apos;2.53.1&apos;, revision: &apos;a36b8b1cd5757287168e54b817830adce9b0158d&apos;, time: &apos;2016-06-30 19:26:09&apos;
System info: host: &apos;DESKTOP-MUE1MC5&apos;, ip: &apos;192.168.0.7&apos;, os.name: &apos;Windows 10&apos;, os.arch: &apos;amd64&apos;, os.version: &apos;10.0&apos;, java.version: &apos;1.8.0_101&apos;
Driver info: org.openqa.selenium.firefox.FirefoxDriver
Capabilities [{applicationCacheEnabled=true, rotatable=false, handlesAlerts=true, databaseEnabled=true, version=47.0.2, platform=WINDOWS, nativeEvents=false, acceptSslCerts=true, webStorageEnabled=true, locationContextEnabled=true, browserName=firefox, takesScreenshot=true, javascriptEnabled=true, cssSelectorsEnabled=true}]
Session ID: c71d547e-531b-4fb5-a143-9ac216fd09eb
*** Element info: {Using=xpath, value=//input[@name=&apos;company_name&apos;]}" type="org.openqa.selenium.UnhandledAlertException">org.openqa.selenium.UnhandledAlertException: Unexpected modal dialog (text: Errors were encountered: 
This username is already in use by another user. Please select a different username.
): Errors were encountered: 
This username is already in use by another user. Please select a different username.
Build info: version: &apos;2.53.1&apos;, revision: &apos;a36b8b1cd5757287168e54b817830adce9b0158d&apos;, time: &apos;2016-06-30 19:26:09&apos;
System info: host: &apos;DESKTOP-MUE1MC5&apos;, ip: &apos;192.168.0.7&apos;, os.name: &apos;Windows 10&apos;, os.arch: &apos;amd64&apos;, os.version: &apos;10.0&apos;, java.version: &apos;1.8.0_101&apos;
Driver info: org.openqa.selenium.firefox.FirefoxDriver
Capabilities [{applicationCacheEnabled=true, rotatable=false, handlesAlerts=true, databaseEnabled=true, version=47.0.2, platform=WINDOWS, nativeEvents=false, acceptSslCerts=true, webStorageEnabled=true, locationContextEnabled=true, browserName=firefox, takesScreenshot=true, javascriptEnabled=true, cssSelectorsEnabled=true}]
Session ID: c71d547e-531b-4fb5-a143-9ac216fd09eb
*** Element info: {Using=xpath, value=//input[@name=&apos;company_name&apos;]}
	at sun.reflect.NativeConstructorAccessorImpl.newInstance0(Native Method)
	at sun.reflect.NativeConstructorAccessorImpl.newInstance(Unknown Source)
	at sun.reflect.DelegatingConstructorAccessorImpl.newInstance(Unknown Source)
	at java.lang.reflect.Constructor.newInstance(Unknown Source)
	at org.openqa.selenium.remote.ErrorHandler.createThrowable(ErrorHandler.java:206)
	at org.openqa.selenium.remote.ErrorHandler.createUnhandledAlertException(ErrorHandler.java:187)
	at org.openqa.selenium.remote.ErrorHandler.throwIfResponseFailed(ErrorHandler.java:154)
	at org.openqa.selenium.remote.RemoteWebDriver.execute(RemoteWebDriver.java:678)
	at org.openqa.selenium.remote.RemoteWebDriver.findElement(RemoteWebDriver.java:363)
	at org.openqa.selenium.remote.RemoteWebDriver.findElementByXPath(RemoteWebDriver.java:500)
	at org.openqa.selenium.By$ByXPath.findElement(By.java:361)
	at org.openqa.selenium.remote.RemoteWebDriver.findElement(RemoteWebDriver.java:355)
	at sun.reflect.GeneratedMethodAccessor3.invoke(Unknown Source)
	at sun.reflect.DelegatingMethodAccessorImpl.invoke(Unknown Source)
	at java.lang.reflect.Method.invoke(Unknown Source)
	at org.openqa.selenium.support.events.EventFiringWebDriver$2.invoke(EventFiringWebDriver.java:103)
	at com.sun.proxy.$Proxy6.findElement(Unknown Source)
	at org.openqa.selenium.support.events.EventFiringWebDriver.findElement(EventFiringWebDriver.java:188)
	at org.openqa.selenium.support.pagefactory.DefaultElementLocator.findElement(DefaultElementLocator.java:69)
	at org.openqa.selenium.support.pagefactory.internal.LocatingElementHandler.invoke(LocatingElementHandler.java:38)
	at com.sun.proxy.$Proxy8.sendKeys(Unknown Source)
	at com.qa.pages.CompanyAndProfileDetailsPage.verifyProfileDataSubmit(CompanyAndProfileDetailsPage.java:48)
	at com.qa.tests.ConfirmRegistrationTest.setUp(ConfirmRegistrationTest.java:33)
</failure>
    <system-out>Before Navigating to : &apos;https://classic.crmpro.com&apos;
Navigated to: &apos;https://classic.crmpro.com&apos;
Trying to find element By : By.xpath: signUpButton
Trying to find element By : By.xpath: //a[contains(text(),&apos;Sign Up&apos;)]
Element Found By :By.xpath: //a[contains(text(),&apos;Sign Up&apos;)]
Trying to click on Element : [[FirefoxDriver: firefox on WINDOWS (c71d547e-531b-4fb5-a143-9ac216fd09eb)] -&gt; xpath: //a[contains(text(),&apos;Sign Up&apos;)]]
Clicked on :[[FirefoxDriver: firefox on WINDOWS (c71d547e-531b-4fb5-a143-9ac216fd09eb)] -&gt; xpath: //a[contains(text(),&apos;Sign Up&apos;)]]
signButton clicked
Trying to find element By : By.xpath: paymentPlan
Trying to find element By : By.name: payment_plan_id
Element Found By :By.name: payment_plan_id
Trying to click on Element : [[FirefoxDriver: firefox on WINDOWS (c71d547e-531b-4fb5-a143-9ac216fd09eb)] -&gt; name: payment_plan_id]
Clicked on :[[FirefoxDriver: firefox on WINDOWS (c71d547e-531b-4fb5-a143-9ac216fd09eb)] -&gt; name: payment_plan_id]
Drop down clicked
Trying to find element By : By.name: payment_plan_id
Element Found By :By.name: payment_plan_id
Trying to find element By : By.name: payment_plan_id
Element Found By :By.name: payment_plan_id
Trying to find element By : By.name: payment_plan_id
Element Found By :By.name: payment_plan_id
Trying to find element By : By.xpath: .//option[normalize-space(.) = &quot;Free Edition&quot;]
Element Found By :By.xpath: .//option[normalize-space(.) = &quot;Free Edition&quot;]
Trying to click on Element : [[[[FirefoxDriver: firefox on WINDOWS (c71d547e-531b-4fb5-a143-9ac216fd09eb)] -&gt; name: payment_plan_id]] -&gt; xpath: .//option[normalize-space(.) = &quot;Free Edition&quot;]]
Clicked on :[[[[FirefoxDriver: firefox on WINDOWS (c71d547e-531b-4fb5-a143-9ac216fd09eb)] -&gt; name: payment_plan_id]] -&gt; xpath: .//option[normalize-space(.) = &quot;Free Edition&quot;]]
Value selected
Trying to find element By : By.xpath: //input[@name=&apos;first_name&apos;]
Element Found By :By.xpath: //input[@name=&apos;first_name&apos;]
Value of Element :[[FirefoxDriver: firefox on WINDOWS (c71d547e-531b-4fb5-a143-9ac216fd09eb)] -&gt; xpath: //input[@name=&apos;first_name&apos;]] before any changes made
Value of element with changes:[[FirefoxDriver: firefox on WINDOWS (c71d547e-531b-4fb5-a143-9ac216fd09eb)] -&gt; xpath: //input[@name=&apos;first_name&apos;]]
Trying to find element By : By.xpath: //input[@name=&apos;surname&apos;]
Element Found By :By.xpath: //input[@name=&apos;surname&apos;]
Value of Element :[[FirefoxDriver: firefox on WINDOWS (c71d547e-531b-4fb5-a143-9ac216fd09eb)] -&gt; xpath: //input[@name=&apos;surname&apos;]] before any changes made
Value of element with changes:[[FirefoxDriver: firefox on WINDOWS (c71d547e-531b-4fb5-a143-9ac216fd09eb)] -&gt; xpath: //input[@name=&apos;surname&apos;]]
Trying to find element By : By.name: email
Element Found By :By.name: email
Value of Element :[[FirefoxDriver: firefox on WINDOWS (c71d547e-531b-4fb5-a143-9ac216fd09eb)] -&gt; name: email] before any changes made
Value of element with changes:[[FirefoxDriver: firefox on WINDOWS (c71d547e-531b-4fb5-a143-9ac216fd09eb)] -&gt; name: email]
Trying to find element By : By.xpath: //input[@name=&apos;email_confirm&apos;]
Element Found By :By.xpath: //input[@name=&apos;email_confirm&apos;]
Value of Element :[[FirefoxDriver: firefox on WINDOWS (c71d547e-531b-4fb5-a143-9ac216fd09eb)] -&gt; xpath: //input[@name=&apos;email_confirm&apos;]] before any changes made
Value of element with changes:[[FirefoxDriver: firefox on WINDOWS (c71d547e-531b-4fb5-a143-9ac216fd09eb)] -&gt; xpath: //input[@name=&apos;email_confirm&apos;]]
Trying to find element By : By.xpath: //input[@name=&apos;username&apos;]
Element Found By :By.xpath: //input[@name=&apos;username&apos;]
Value of Element :[[FirefoxDriver: firefox on WINDOWS (c71d547e-531b-4fb5-a143-9ac216fd09eb)] -&gt; xpath: //input[@name=&apos;username&apos;]] before any changes made
Value of element with changes:[[FirefoxDriver: firefox on WINDOWS (c71d547e-531b-4fb5-a143-9ac216fd09eb)] -&gt; xpath: //input[@name=&apos;username&apos;]]
Trying to find element By : By.xpath: //input[@name=&apos;password&apos;]
Element Found By :By.xpath: //input[@name=&apos;password&apos;]
Value of Element :[[FirefoxDriver: firefox on WINDOWS (c71d547e-531b-4fb5-a143-9ac216fd09eb)] -&gt; xpath: //input[@name=&apos;password&apos;]] before any changes made
Value of element with changes:[[FirefoxDriver: firefox on WINDOWS (c71d547e-531b-4fb5-a143-9ac216fd09eb)] -&gt; xpath: //input[@name=&apos;password&apos;]]
Trying to find element By : By.xpath: //input[@name=&apos;passwordconfirm&apos;]
Element Found By :By.xpath: //input[@name=&apos;passwordconfirm&apos;]
Value of Element :[[FirefoxDriver: firefox on WINDOWS (c71d547e-531b-4fb5-a143-9ac216fd09eb)] -&gt; xpath: //input[@name=&apos;passwordconfirm&apos;]] before any changes made
Value of element with changes:[[FirefoxDriver: firefox on WINDOWS (c71d547e-531b-4fb5-a143-9ac216fd09eb)] -&gt; xpath: //input[@name=&apos;passwordconfirm&apos;]]
Trying to find element By : By.xpath: //input[@name=&apos;agreeTerms&apos;]
Element Found By :By.xpath: //input[@name=&apos;agreeTerms&apos;]
Trying to click on Element : [[FirefoxDriver: firefox on WINDOWS (c71d547e-531b-4fb5-a143-9ac216fd09eb)] -&gt; xpath: //input[@name=&apos;agreeTerms&apos;]]
Clicked on :[[FirefoxDriver: firefox on WINDOWS (c71d547e-531b-4fb5-a143-9ac216fd09eb)] -&gt; xpath: //input[@name=&apos;agreeTerms&apos;]]
Trying to find element By : By.xpath: //button[@name=&apos;submitButton&apos;]
Element Found By :By.xpath: //button[@name=&apos;submitButton&apos;]
Trying to click on Element : [[FirefoxDriver: firefox on WINDOWS (c71d547e-531b-4fb5-a143-9ac216fd09eb)] -&gt; xpath: //button[@name=&apos;submitButton&apos;]]
Clicked on :[[FirefoxDriver: firefox on WINDOWS (c71d547e-531b-4fb5-a143-9ac216fd09eb)] -&gt; xpath: //button[@name=&apos;submitButton&apos;]]
Trying to find element By : By.xpath: //input[@name=&apos;company_name&apos;]
</system-out>
    <system-err>java.io.IOException: Source &apos;C:\Users\nites\AppData\Local\Temp\screenshot7428973873066532587.png&apos; exists but is not a directory
	at org.apache.commons.io.FileUtils.copyDirectory(FileUtils.java:1371)
	at org.apache.commons.io.FileUtils.copyDirectory(FileUtils.java:1261)
	at org.apache.commons.io.FileUtils.copyDirectory(FileUtils.java:1230)
	at com.qa.base.TestBase.takesScreenShots(TestBase.java:78)
	at com.qa.util.WebEventListener.onException(WebEventListener.java:98)
	at sun.reflect.NativeMethodAccessorImpl.invoke0(Native Method)
	at sun.reflect.NativeMethodAccessorImpl.invoke(Unknown Source)
	at sun.reflect.DelegatingMethodAccessorImpl.invoke(Unknown Source)
	at java.lang.reflect.Method.invoke(Unknown Source)
	at org.openqa.selenium.support.events.EventFiringWebDriver$1.invoke(EventFiringWebDriver.java:80)
	at com.sun.proxy.$Proxy5.onException(Unknown Source)
	at org.openqa.selenium.support.events.EventFiringWebDriver$2.invoke(EventFiringWebDriver.java:105)
	at com.sun.proxy.$Proxy6.findElement(Unknown Source)
	at org.openqa.selenium.support.events.EventFiringWebDriver.findElement(EventFiringWebDriver.java:188)
	at org.openqa.selenium.support.ui.ExpectedConditions.findElement(ExpectedConditions.java:899)
	at org.openqa.selenium.support.ui.ExpectedConditions.access$000(ExpectedConditions.java:41)
	at org.openqa.selenium.support.ui.ExpectedConditions$20.apply(ExpectedConditions.java:584)
	at org.openqa.selenium.support.ui.ExpectedConditions$20.apply(ExpectedConditions.java:580)
	at org.openqa.selenium.support.ui.FluentWait.until(FluentWait.java:238)
	at com.qa.pages.SignUpPage.crmSingUp(SignUpPage.java:63)
	at com.qa.tests.ConfirmRegistrationTest.setUp(ConfirmRegistrationTest.java:31)
	at sun.reflect.NativeMethodAccessorImpl.invoke0(Native Method)
	at sun.reflect.NativeMethodAccessorImpl.invoke(Unknown Source)
	at sun.reflect.DelegatingMethodAccessorImpl.invoke(Unknown Source)
	at java.lang.reflect.Method.invoke(Unknown Source)
	at org.testng.internal.MethodInvocationHelper.invokeMethod(MethodInvocationHelper.java:124)
	at org.testng.internal.MethodInvocationHelper.invokeMethodConsideringTimeout(MethodInvocationHelper.java:59)
	at org.testng.internal.Invoker.invokeConfigurationMethod(Invoker.java:458)
	at org.testng.internal.Invoker.invokeConfigurations(Invoker.java:222)
	at org.testng.internal.Invoker.invokeMethod(Invoker.java:523)
	at org.testng.internal.Invoker.invokeTestMethod(Invoker.java:719)
	at org.testng.internal.Invoker.invokeTestMethods(Invoker.java:989)
	at org.testng.internal.TestMethodWorker.invokeTestMethods(TestMethodWorker.java:125)
	at org.testng.internal.TestMethodWorker.run(TestMethodWorker.java:109)
	at org.testng.TestRunner.privateRun(TestRunner.java:648)
	at org.testng.TestRunner.run(TestRunner.java:505)
	at org.testng.SuiteRunner.runTest(SuiteRunner.java:455)
	at org.testng.SuiteRunner.runSequentially(SuiteRunner.java:450)
	at org.testng.SuiteRunner.privateRun(SuiteRunner.java:415)
	at org.testng.SuiteRunner.run(SuiteRunner.java:364)
	at org.testng.SuiteRunnerWorker.runSuite(SuiteRunnerWorker.java:52)
	at org.testng.SuiteRunnerWorker.run(SuiteRunnerWorker.java:84)
	at org.testng.TestNG.runSuitesSequentially(TestNG.java:1208)
	at org.testng.TestNG.runSuitesLocally(TestNG.java:1137)
	at org.testng.TestNG.runSuites(TestNG.java:1049)
	at org.testng.TestNG.run(TestNG.java:1017)
	at org.apache.maven.surefire.testng.TestNGExecutor.run(TestNGExecutor.java:77)
	at org.apache.maven.surefire.testng.TestNGDirectoryTestSuite.executeMulti(TestNGDirectoryTestSuite.java:159)
	at org.apache.maven.surefire.testng.TestNGDirectoryTestSuite.execute(TestNGDirectoryTestSuite.java:99)
	at org.apache.maven.surefire.testng.TestNGProvider.invoke(TestNGProvider.java:106)
	at sun.reflect.NativeMethodAccessorImpl.invoke0(Native Method)
	at sun.reflect.NativeMethodAccessorImpl.invoke(Unknown Source)
	at sun.reflect.DelegatingMethodAccessorImpl.invoke(Unknown Source)
	at java.lang.reflect.Method.invoke(Unknown Source)
	at org.apache.maven.surefire.util.ReflectionUtils.invokeMethodWithArray(ReflectionUtils.java:189)
	at org.apache.maven.surefire.booter.ProviderFactory$ProviderProxy.invoke(ProviderFactory.java:165)
	at org.apache.maven.surefire.booter.ProviderFactory.invokeProvider(ProviderFactory.java:85)
	at org.apache.maven.surefire.booter.ForkedBooter.runSuitesInProcess(ForkedBooter.java:115)
	at org.apache.maven.surefire.booter.ForkedBooter.main(ForkedBooter.java:75)
java.io.IOException: Source &apos;C:\Users\nites\AppData\Local\Temp\screenshot6123483786912977188.png&apos; exists but is not a directory
	at org.apache.commons.io.FileUtils.copyDirectory(FileUtils.java:1371)
	at org.apache.commons.io.FileUtils.copyDirectory(FileUtils.java:1261)
	at org.apache.commons.io.FileUtils.copyDirectory(FileUtils.java:1230)
	at com.qa.base.TestBase.takesScreenShots(TestBase.java:78)
	at com.qa.util.WebEventListener.onException(WebEventListener.java:98)
	at sun.reflect.NativeMethodAccessorImpl.invoke0(Native Method)
	at sun.reflect.NativeMethodAccessorImpl.invoke(Unknown Source)
	at sun.reflect.DelegatingMethodAccessorImpl.invoke(Unknown Source)
	at java.lang.reflect.Method.invoke(Unknown Source)
	at org.openqa.selenium.support.events.EventFiringWebDriver$1.invoke(EventFiringWebDriver.java:80)
	at com.sun.proxy.$Proxy5.onException(Unknown Source)
	at org.openqa.selenium.support.events.EventFiringWebDriver$2.invoke(EventFiringWebDriver.java:105)
	at com.sun.proxy.$Proxy6.findElement(Unknown Source)
	at org.openqa.selenium.support.events.EventFiringWebDriver.findElement(EventFiringWebDriver.java:188)
	at org.openqa.selenium.support.ui.ExpectedConditions.findElement(ExpectedConditions.java:899)
	at org.openqa.selenium.support.ui.ExpectedConditions.access$000(ExpectedConditions.java:41)
	at org.openqa.selenium.support.ui.ExpectedConditions$20.apply(ExpectedConditions.java:584)
	at org.openqa.selenium.support.ui.ExpectedConditions$20.apply(ExpectedConditions.java:580)
	at org.openqa.selenium.support.ui.FluentWait.until(FluentWait.java:238)
	at com.qa.pages.SignUpPage.crmSingUp(SignUpPage.java:67)
	at com.qa.tests.ConfirmRegistrationTest.setUp(ConfirmRegistrationTest.java:31)
	at sun.reflect.NativeMethodAccessorImpl.invoke0(Native Method)
	at sun.reflect.NativeMethodAccessorImpl.invoke(Unknown Source)
	at sun.reflect.DelegatingMethodAccessorImpl.invoke(Unknown Source)
	at java.lang.reflect.Method.invoke(Unknown Source)
	at org.testng.internal.MethodInvocationHelper.invokeMethod(MethodInvocationHelper.java:124)
	at org.testng.internal.MethodInvocationHelper.invokeMethodConsideringTimeout(MethodInvocationHelper.java:59)
	at org.testng.internal.Invoker.invokeConfigurationMethod(Invoker.java:458)
	at org.testng.internal.Invoker.invokeConfigurations(Invoker.java:222)
	at org.testng.internal.Invoker.invokeMethod(Invoker.java:523)
	at org.testng.internal.Invoker.invokeTestMethod(Invoker.java:719)
	at org.testng.internal.Invoker.invokeTestMethods(Invoker.java:989)
	at org.testng.internal.TestMethodWorker.invokeTestMethods(TestMethodWorker.java:125)
	at org.testng.internal.TestMethodWorker.run(TestMethodWorker.java:109)
	at org.testng.TestRunner.privateRun(TestRunner.java:648)
	at org.testng.TestRunner.run(TestRunner.java:505)
	at org.testng.SuiteRunner.runTest(SuiteRunner.java:455)
	at org.testng.SuiteRunner.runSequentially(SuiteRunner.java:450)
	at org.testng.SuiteRunner.privateRun(SuiteRunner.java:415)
	at org.testng.SuiteRunner.run(SuiteRunner.java:364)
	at org.testng.SuiteRunnerWorker.runSuite(SuiteRunnerWorker.java:52)
	at org.testng.SuiteRunnerWorker.run(SuiteRunnerWorker.java:84)
	at org.testng.TestNG.runSuitesSequentially(TestNG.java:1208)
	at org.testng.TestNG.runSuitesLocally(TestNG.java:1137)
	at org.testng.TestNG.runSuites(TestNG.java:1049)
	at org.testng.TestNG.run(TestNG.java:1017)
	at org.apache.maven.surefire.testng.TestNGExecutor.run(TestNGExecutor.java:77)
	at org.apache.maven.surefire.testng.TestNGDirectoryTestSuite.executeMulti(TestNGDirectoryTestSuite.java:159)
	at org.apache.maven.surefire.testng.TestNGDirectoryTestSuite.execute(TestNGDirectoryTestSuite.java:99)
	at org.apache.maven.surefire.testng.TestNGProvider.invoke(TestNGProvider.java:106)
	at sun.reflect.NativeMethodAccessorImpl.invoke0(Native Method)
	at sun.reflect.NativeMethodAccessorImpl.invoke(Unknown Source)
	at sun.reflect.DelegatingMethodAccessorImpl.invoke(Unknown Source)
	at java.lang.reflect.Method.invoke(Unknown Source)
	at org.apache.maven.surefire.util.ReflectionUtils.invokeMethodWithArray(ReflectionUtils.java:189)
	at org.apache.maven.surefire.booter.ProviderFactory$ProviderProxy.invoke(ProviderFactory.java:165)
	at org.apache.maven.surefire.booter.ProviderFactory.invokeProvider(ProviderFactory.java:85)
	at org.apache.maven.surefire.booter.ForkedBooter.runSuitesInProcess(ForkedBooter.java:115)
	at org.apache.maven.surefire.booter.ForkedBooter.main(ForkedBooter.java:75)
java.io.IOException: Source &apos;C:\Users\nites\AppData\Local\Temp\screenshot3994930800006718076.png&apos; exists but is not a directory
	at org.apache.commons.io.FileUtils.copyDirectory(FileUtils.java:1371)
	at org.apache.commons.io.FileUtils.copyDirectory(FileUtils.java:1261)
	at org.apache.commons.io.FileUtils.copyDirectory(FileUtils.java:1230)
	at com.qa.base.TestBase.takesScreenShots(TestBase.java:78)
	at com.qa.util.WebEventListener.onException(WebEventListener.java:98)
	at sun.reflect.NativeMethodAccessorImpl.invoke0(Native Method)
	at sun.reflect.NativeMethodAccessorImpl.invoke(Unknown Source)
	at sun.reflect.DelegatingMethodAccessorImpl.invoke(Unknown Source)
	at java.lang.reflect.Method.invoke(Unknown Source)
	at org.openqa.selenium.support.events.EventFiringWebDriver$1.invoke(EventFiringWebDriver.java:80)
	at com.sun.proxy.$Proxy5.onException(Unknown Source)
	at org.openqa.selenium.support.events.EventFiringWebDriver$2.invoke(EventFiringWebDriver.java:105)
	at com.sun.proxy.$Proxy6.findElement(Unknown Source)
	at org.openqa.selenium.support.events.EventFiringWebDriver.findElement(EventFiringWebDriver.java:188)
	at org.openqa.selenium.support.pagefactory.DefaultElementLocator.findElement(DefaultElementLocator.java:69)
	at org.openqa.selenium.support.pagefactory.internal.LocatingElementHandler.invoke(LocatingElementHandler.java:38)
	at com.sun.proxy.$Proxy8.sendKeys(Unknown Source)
	at com.qa.pages.CompanyAndProfileDetailsPage.verifyProfileDataSubmit(CompanyAndProfileDetailsPage.java:48)
	at com.qa.tests.ConfirmRegistrationTest.setUp(ConfirmRegistrationTest.java:33)
	at sun.reflect.NativeMethodAccessorImpl.invoke0(Native Method)
	at sun.reflect.NativeMethodAccessorImpl.invoke(Unknown Source)
	at sun.reflect.DelegatingMethodAccessorImpl.invoke(Unknown Source)
	at java.lang.reflect.Method.invoke(Unknown Source)
	at org.testng.internal.MethodInvocationHelper.invokeMethod(MethodInvocationHelper.java:124)
	at org.testng.internal.MethodInvocationHelper.invokeMethodConsideringTimeout(MethodInvocationHelper.java:59)
	at org.testng.internal.Invoker.invokeConfigurationMethod(Invoker.java:458)
	at org.testng.internal.Invoker.invokeConfigurations(Invoker.java:222)
	at org.testng.internal.Invoker.invokeMethod(Invoker.java:523)
	at org.testng.internal.Invoker.invokeTestMethod(Invoker.java:719)
	at org.testng.internal.Invoker.invokeTestMethods(Invoker.java:989)
	at org.testng.internal.TestMethodWorker.invokeTestMethods(TestMethodWorker.java:125)
	at org.testng.internal.TestMethodWorker.run(TestMethodWorker.java:109)
	at org.testng.TestRunner.privateRun(TestRunner.java:648)
	at org.testng.TestRunner.run(TestRunner.java:505)
	at org.testng.SuiteRunner.runTest(SuiteRunner.java:455)
	at org.testng.SuiteRunner.runSequentially(SuiteRunner.java:450)
	at org.testng.SuiteRunner.privateRun(SuiteRunner.java:415)
	at org.testng.SuiteRunner.run(SuiteRunner.java:364)
	at org.testng.SuiteRunnerWorker.runSuite(SuiteRunnerWorker.java:52)
	at org.testng.SuiteRunnerWorker.run(SuiteRunnerWorker.java:84)
	at org.testng.TestNG.runSuitesSequentially(TestNG.java:1208)
	at org.testng.TestNG.runSuitesLocally(TestNG.java:1137)
	at org.testng.TestNG.runSuites(TestNG.java:1049)
	at org.testng.TestNG.run(TestNG.java:1017)
	at org.apache.maven.surefire.testng.TestNGExecutor.run(TestNGExecutor.java:77)
	at org.apache.maven.surefire.testng.TestNGDirectoryTestSuite.executeMulti(TestNGDirectoryTestSuite.java:159)
	at org.apache.maven.surefire.testng.TestNGDirectoryTestSuite.execute(TestNGDirectoryTestSuite.java:99)
	at org.apache.maven.surefire.testng.TestNGProvider.invoke(TestNGProvider.java:106)
	at sun.reflect.NativeMethodAccessorImpl.invoke0(Native Method)
	at sun.reflect.NativeMethodAccessorImpl.invoke(Unknown Source)
	at sun.reflect.DelegatingMethodAccessorImpl.invoke(Unknown Source)
	at java.lang.reflect.Method.invoke(Unknown Source)
	at org.apache.maven.surefire.util.ReflectionUtils.invokeMethodWithArray(ReflectionUtils.java:189)
	at org.apache.maven.surefire.booter.ProviderFactory$ProviderProxy.invoke(ProviderFactory.java:165)
	at org.apache.maven.surefire.booter.ProviderFactory.invokeProvider(ProviderFactory.java:85)
	at org.apache.maven.surefire.booter.ForkedBooter.runSuitesInProcess(ForkedBooter.java:115)
	at org.apache.maven.surefire.booter.ForkedBooter.main(ForkedBooter.java:75)
</system-err>
  </testcase>
  <testcase classname="com.qa.tests.ConfirmRegistrationTest" name="verifyRegistrationCompletedTest" time="74.978">
    <skipped/>
  </testcase>
  <testcase classname="com.qa.tests.ConfirmRegistrationTest" name="tearDown" time="74.978">
    <skipped/>
  </testcase>
  <testcase classname="com.qa.tests.ContactsPageTest" name="verfiyCreateNewContact" time="11.133"/>
  <testcase classname="com.qa.tests.ContactsPageTest" name="verfiyCreateNewContact" time="8.201"/>
  <testcase classname="com.qa.tests.ContactsPageTest" name="verfiyCreateNewContact" time="27.179"/>
  <testcase classname="com.qa.tests.ContactsPageTest" name="verfiyCreateNewContact" time="8.788"/>
  <testcase classname="com.qa.tests.HomePageTest" name="verifyHomePageTitleTest" time="0.027"/>
  <testcase classname="com.qa.tests.HomePageTest" name="verifyUserTest" time="20.43"/>
  <testcase classname="com.qa.tests.LoginPageTest" name="pageTitleTest" time="0.04"/>
  <testcase classname="com.qa.tests.SignUpPageTest" name="verifySignUpPageTitle" time="0.021"/>
  <testcase classname="com.qa.tests.LoginPageTest" name="crmLogoImageTest" time="0.244"/>
  <testcase classname="com.qa.tests.SignUpPageTest" name="verifySignUpButtonClickableTest" time="0.114"/>
  <testcase classname="com.qa.tests.LoginPageTest" name="loginTest" time="57.168"/>
  <testcase classname="com.qa.tests.SignUpPageTest" name="verifySignUpFeatureTest" time="50.071"/>
  <testcase classname="com.qa.tests.SignUpPageTest" name="tearDown" time="50.588">
    <failure message="Unexpected modal dialog (text: Errors were encountered: 

This username is already in use by another user. Please select a different username.
): Errors were encountered: 

This username is already in use by another user. Please select a different username.

Build info: version: &apos;2.53.1&apos;, revision: &apos;a36b8b1cd5757287168e54b817830adce9b0158d&apos;, time: &apos;2016-06-30 19:26:09&apos;
System info: host: &apos;DESKTOP-MUE1MC5&apos;, ip: &apos;192.168.0.7&apos;, os.name: &apos;Windows 10&apos;, os.arch: &apos;amd64&apos;, os.version: &apos;10.0&apos;, java.version: &apos;1.8.0_101&apos;
Driver info: org.openqa.selenium.firefox.FirefoxDriver
Capabilities [{applicationCacheEnabled=true, rotatable=false, handlesAlerts=true, databaseEnabled=true, version=47.0.2, platform=WINDOWS, nativeEvents=false, acceptSslCerts=true, webStorageEnabled=true, locationContextEnabled=true, browserName=firefox, takesScreenshot=true, javascriptEnabled=true, cssSelectorsEnabled=true}]
Session ID: 62518d86-60fb-4a8b-9252-aef89e72d5f0" type="org.openqa.selenium.UnhandledAlertException">org.openqa.selenium.UnhandledAlertException: Unexpected modal dialog (text: Errors were encountered: 
This username is already in use by another user. Please select a different username.
): Errors were encountered: 
This username is already in use by another user. Please select a different username.
Build info: version: &apos;2.53.1&apos;, revision: &apos;a36b8b1cd5757287168e54b817830adce9b0158d&apos;, time: &apos;2016-06-30 19:26:09&apos;
System info: host: &apos;DESKTOP-MUE1MC5&apos;, ip: &apos;192.168.0.7&apos;, os.name: &apos;Windows 10&apos;, os.arch: &apos;amd64&apos;, os.version: &apos;10.0&apos;, java.version: &apos;1.8.0_101&apos;
Driver info: org.openqa.selenium.firefox.FirefoxDriver
Capabilities [{applicationCacheEnabled=true, rotatable=false, handlesAlerts=true, databaseEnabled=true, version=47.0.2, platform=WINDOWS, nativeEvents=false, acceptSslCerts=true, webStorageEnabled=true, locationContextEnabled=true, browserName=firefox, takesScreenshot=true, javascriptEnabled=true, cssSelectorsEnabled=true}]
Session ID: 62518d86-60fb-4a8b-9252-aef89e72d5f0
	at sun.reflect.NativeConstructorAccessorImpl.newInstance0(Native Method)
	at sun.reflect.NativeConstructorAccessorImpl.newInstance(Unknown Source)
	at sun.reflect.DelegatingConstructorAccessorImpl.newInstance(Unknown Source)
	at java.lang.reflect.Constructor.newInstance(Unknown Source)
	at org.openqa.selenium.remote.ErrorHandler.createThrowable(ErrorHandler.java:206)
	at org.openqa.selenium.remote.ErrorHandler.createUnhandledAlertException(ErrorHandler.java:187)
	at org.openqa.selenium.remote.ErrorHandler.throwIfResponseFailed(ErrorHandler.java:154)
	at org.openqa.selenium.remote.RemoteWebDriver.execute(RemoteWebDriver.java:678)
	at org.openqa.selenium.remote.RemoteWebDriver.execute(RemoteWebDriver.java:701)
	at org.openqa.selenium.remote.RemoteWebDriver.close(RemoteWebDriver.java:521)
	at sun.reflect.NativeMethodAccessorImpl.invoke0(Native Method)
	at sun.reflect.NativeMethodAccessorImpl.invoke(Unknown Source)
	at sun.reflect.DelegatingMethodAccessorImpl.invoke(Unknown Source)
	at java.lang.reflect.Method.invoke(Unknown Source)
	at org.openqa.selenium.support.events.EventFiringWebDriver$2.invoke(EventFiringWebDriver.java:103)
	at com.sun.proxy.$Proxy6.close(Unknown Source)
	at org.openqa.selenium.support.events.EventFiringWebDriver.close(EventFiringWebDriver.java:198)
	at com.qa.tests.SignUpPageTest.tearDown(SignUpPageTest.java:53)
</failure>
    <system-err>java.io.IOException: Source &apos;C:\Users\nites\AppData\Local\Temp\screenshot6199899472027300499.png&apos; exists but is not a directory
	at org.apache.commons.io.FileUtils.copyDirectory(FileUtils.java:1371)
	at org.apache.commons.io.FileUtils.copyDirectory(FileUtils.java:1261)
	at org.apache.commons.io.FileUtils.copyDirectory(FileUtils.java:1230)
	at com.qa.base.TestBase.takesScreenShots(TestBase.java:78)
	at com.qa.util.WebEventListener.onException(WebEventListener.java:98)
	at sun.reflect.GeneratedMethodAccessor12.invoke(Unknown Source)
	at sun.reflect.DelegatingMethodAccessorImpl.invoke(Unknown Source)
	at java.lang.reflect.Method.invoke(Unknown Source)
	at org.openqa.selenium.support.events.EventFiringWebDriver$1.invoke(EventFiringWebDriver.java:80)
	at com.sun.proxy.$Proxy5.onException(Unknown Source)
	at org.openqa.selenium.support.events.EventFiringWebDriver$2.invoke(EventFiringWebDriver.java:105)
	at com.sun.proxy.$Proxy6.close(Unknown Source)
	at org.openqa.selenium.support.events.EventFiringWebDriver.close(EventFiringWebDriver.java:198)
	at com.qa.tests.SignUpPageTest.tearDown(SignUpPageTest.java:53)
	at sun.reflect.NativeMethodAccessorImpl.invoke0(Native Method)
	at sun.reflect.NativeMethodAccessorImpl.invoke(Unknown Source)
	at sun.reflect.DelegatingMethodAccessorImpl.invoke(Unknown Source)
	at java.lang.reflect.Method.invoke(Unknown Source)
	at org.testng.internal.MethodInvocationHelper.invokeMethod(MethodInvocationHelper.java:124)
	at org.testng.internal.MethodInvocationHelper.invokeMethodConsideringTimeout(MethodInvocationHelper.java:59)
	at org.testng.internal.Invoker.invokeConfigurationMethod(Invoker.java:458)
	at org.testng.internal.Invoker.invokeConfigurations(Invoker.java:222)
	at org.testng.internal.Invoker.invokeMethod(Invoker.java:646)
	at org.testng.internal.Invoker.invokeTestMethod(Invoker.java:719)
	at org.testng.internal.Invoker.invokeTestMethods(Invoker.java:989)
	at org.testng.internal.TestMethodWorker.invokeTestMethods(TestMethodWorker.java:125)
	at org.testng.internal.TestMethodWorker.run(TestMethodWorker.java:109)
	at org.testng.TestRunner.privateRun(TestRunner.java:648)
	at org.testng.TestRunner.run(TestRunner.java:505)
	at org.testng.SuiteRunner.runTest(SuiteRunner.java:455)
	at org.testng.SuiteRunner.runSequentially(SuiteRunner.java:450)
	at org.testng.SuiteRunner.privateRun(SuiteRunner.java:415)
	at org.testng.SuiteRunner.run(SuiteRunner.java:364)
	at org.testng.SuiteRunnerWorker.runSuite(SuiteRunnerWorker.java:52)
	at org.testng.SuiteRunnerWorker.run(SuiteRunnerWorker.java:84)
	at org.testng.TestNG.runSuitesSequentially(TestNG.java:1208)
	at org.testng.TestNG.runSuitesLocally(TestNG.java:1137)
	at org.testng.TestNG.runSuites(TestNG.java:1049)
	at org.testng.TestNG.run(TestNG.java:1017)
	at org.apache.maven.surefire.testng.TestNGExecutor.run(TestNGExecutor.java:77)
	at org.apache.maven.surefire.testng.TestNGDirectoryTestSuite.executeMulti(TestNGDirectoryTestSuite.java:159)
	at org.apache.maven.surefire.testng.TestNGDirectoryTestSuite.execute(TestNGDirectoryTestSuite.java:99)
	at org.apache.maven.surefire.testng.TestNGProvider.invoke(TestNGProvider.java:106)
	at sun.reflect.NativeMethodAccessorImpl.invoke0(Native Method)
	at sun.reflect.NativeMethodAccessorImpl.invoke(Unknown Source)
	at sun.reflect.DelegatingMethodAccessorImpl.invoke(Unknown Source)
	at java.lang.reflect.Method.invoke(Unknown Source)
	at org.apache.maven.surefire.util.ReflectionUtils.invokeMethodWithArray(ReflectionUtils.java:189)
	at org.apache.maven.surefire.booter.ProviderFactory$ProviderProxy.invoke(ProviderFactory.java:165)
	at org.apache.maven.surefire.booter.ProviderFactory.invokeProvider(ProviderFactory.java:85)
	at org.apache.maven.surefire.booter.ForkedBooter.runSuitesInProcess(ForkedBooter.java:115)
	at org.apache.maven.surefire.booter.ForkedBooter.main(ForkedBooter.java:75)
</system-err>
  </testcase>
</testsuite>